04-Nov-2024 15:43:11.041 INFO [main] org.apache.catalina.startup.VersionLoggerListener.log 서버 버전 이름:    Apache Tomcat/9.0.96
04-Nov-2024 15:43:11.041 INFO [main] org.apache.catalina.startup.VersionLoggerListener.log Server 빌드 시각:  Oct 3 2024 19:44:30 UTC
04-Nov-2024 15:43:11.041 INFO [main] org.apache.catalina.startup.VersionLoggerListener.log Server 버전 번호:  9.0.96.0
04-Nov-2024 15:43:11.041 INFO [main] org.apache.catalina.startup.VersionLoggerListener.log 운영체제 이름:     Windows 11
04-Nov-2024 15:43:11.041 INFO [main] org.apache.catalina.startup.VersionLoggerListener.log 운영체제 버전:     10.0
04-Nov-2024 15:43:11.041 INFO [main] org.apache.catalina.startup.VersionLoggerListener.log 아키텍처:          amd64
04-Nov-2024 15:43:11.041 INFO [main] org.apache.catalina.startup.VersionLoggerListener.log 자바 홈:           C:\Program Files\Java\jdk-11
04-Nov-2024 15:43:11.041 INFO [main] org.apache.catalina.startup.VersionLoggerListener.log JVM 버전:          11.0.24+7-LTS-271
04-Nov-2024 15:43:11.041 INFO [main] org.apache.catalina.startup.VersionLoggerListener.log JVM 벤더:          Oracle Corporation
04-Nov-2024 15:43:11.041 INFO [main] org.apache.catalina.startup.VersionLoggerListener.log CATALINA_BASE:     C:\Users\admin\IdeaProjects\BookShop\apache-tomcat-9.0.96
04-Nov-2024 15:43:11.041 INFO [main] org.apache.catalina.startup.VersionLoggerListener.log CATALINA_HOME:     C:\Users\admin\IdeaProjects\BookShop\apache-tomcat-9.0.96
04-Nov-2024 15:43:11.120 INFO [main] org.apache.catalina.startup.VersionLoggerListener.log 명령 행 아규먼트:  --add-opens=java.base/java.lang=ALL-UNNAMED
04-Nov-2024 15:43:11.120 INFO [main] org.apache.catalina.startup.VersionLoggerListener.log 명령 행 아규먼트:  --add-opens=java.base/java.io=ALL-UNNAMED
04-Nov-2024 15:43:11.120 INFO [main] org.apache.catalina.startup.VersionLoggerListener.log 명령 행 아규먼트:  --add-opens=java.base/java.util=ALL-UNNAMED
04-Nov-2024 15:43:11.120 INFO [main] org.apache.catalina.startup.VersionLoggerListener.log 명령 행 아규먼트:  --add-opens=java.base/java.util.concurrent=ALL-UNNAMED
04-Nov-2024 15:43:11.120 INFO [main] org.apache.catalina.startup.VersionLoggerListener.log 명령 행 아규먼트:  --add-opens=java.rmi/sun.rmi.transport=ALL-UNNAMED
04-Nov-2024 15:43:11.120 INFO [main] org.apache.catalina.startup.VersionLoggerListener.log 명령 행 아규먼트:  -Djava.util.logging.config.file=C:\Users\admin\IdeaProjects\BookShop\apache-tomcat-9.0.96\conf\logging.properties
04-Nov-2024 15:43:11.120 INFO [main] org.apache.catalina.startup.VersionLoggerListener.log 명령 행 아규먼트:  -Djava.util.logging.manager=org.apache.juli.ClassLoaderLogManager
04-Nov-2024 15:43:11.120 INFO [main] org.apache.catalina.startup.VersionLoggerListener.log 명령 행 아규먼트:  -Djdk.tls.ephemeralDHKeySize=2048
04-Nov-2024 15:43:11.120 INFO [main] org.apache.catalina.startup.VersionLoggerListener.log 명령 행 아규먼트:  -Djava.protocol.handler.pkgs=org.apache.catalina.webresources
04-Nov-2024 15:43:11.120 INFO [main] org.apache.catalina.startup.VersionLoggerListener.log 명령 행 아규먼트:  -Dignore.endorsed.dirs=
04-Nov-2024 15:43:11.120 INFO [main] org.apache.catalina.startup.VersionLoggerListener.log 명령 행 아규먼트:  -Dcatalina.base=C:\Users\admin\IdeaProjects\BookShop\apache-tomcat-9.0.96
04-Nov-2024 15:43:11.120 INFO [main] org.apache.catalina.startup.VersionLoggerListener.log 명령 행 아규먼트:  -Dcatalina.home=C:\Users\admin\IdeaProjects\BookShop\apache-tomcat-9.0.96
04-Nov-2024 15:43:11.120 INFO [main] org.apache.catalina.startup.VersionLoggerListener.log 명령 행 아규먼트:  -Djava.io.tmpdir=C:\Users\admin\IdeaProjects\BookShop\apache-tomcat-9.0.96\temp
04-Nov-2024 15:43:11.120 INFO [main] org.apache.catalina.core.AprLifecycleListener.lifecycleEvent 프로덕션 환경들에서 최적의 성능을 제공하는, APR 기반 Apache Tomcat Native 라이브러리가, 다음 java.library.path에서 발견되지 않습니다: [C:\Program Files\Java\jdk-11\bin;C:\WINDOWS\Sun\Java\bin;C:\WINDOWS\system32;C:\WINDOWS;C:\Program Files\Java\jdk-11\bin;C:\Program Files\Common Files\Oracle\Java\javapath;C:\app\admin\product\21c\dbhomeXE\bin;C:\Program Files (x86)\VMware\VMware Workstation\bin\;C:\WINDOWS\system32;C:\WINDOWS;C:\WINDOWS\System32\Wbem;C:\WINDOWS\System32\WindowsPowerShell\v1.0\;C:\WINDOWS\System32\OpenSSH\;C:\Program Files\Bandizip\;C:\Program Files\Git\cmd;C:\Users\admin\AppData\Local\Microsoft\WindowsApps;;.]
04-Nov-2024 15:43:11.277 INFO [main] org.apache.coyote.AbstractProtocol.init 프로토콜 핸들러 ["http-nio-8080"]을(를) 초기화합니다.
04-Nov-2024 15:43:11.292 SEVERE [main] org.apache.catalina.util.LifecycleBase.handleSubClassException 구성요소 [Connector["http-nio-8080"]]을(를) 초기화하지 못했습니다.
	org.apache.catalina.LifecycleException: 프로토콜 핸들러 초기화가 실패했습니다.
		at org.apache.catalina.connector.Connector.initInternal(Connector.java:1027)
		at org.apache.catalina.util.LifecycleBase.init(LifecycleBase.java:122)
		at org.apache.catalina.core.StandardService.initInternal(StandardService.java:525)
		at org.apache.catalina.util.LifecycleBase.init(LifecycleBase.java:122)
		at org.apache.catalina.core.StandardServer.initInternal(StandardServer.java:986)
		at org.apache.catalina.util.LifecycleBase.init(LifecycleBase.java:122)
		at org.apache.catalina.startup.Catalina.load(Catalina.java:686)
		at org.apache.catalina.startup.Catalina.load(Catalina.java:709)
		at java.base/jdk.internal.reflect.NativeMethodAccessorImpl.invoke0(Native Method)
		at java.base/jdk.internal.reflect.NativeMethodAccessorImpl.invoke(NativeMethodAccessorImpl.java:62)
		at java.base/jdk.internal.reflect.DelegatingMethodAccessorImpl.invoke(DelegatingMethodAccessorImpl.java:43)
		at java.base/java.lang.reflect.Method.invoke(Method.java:566)
		at org.apache.catalina.startup.Bootstrap.load(Bootstrap.java:302)
		at org.apache.catalina.startup.Bootstrap.main(Bootstrap.java:472)
	Caused by: java.net.BindException: Address already in use: bind
		at java.base/sun.nio.ch.Net.bind0(Native Method)
		at java.base/sun.nio.ch.Net.bind(Net.java:459)
		at java.base/sun.nio.ch.Net.bind(Net.java:448)
		at java.base/sun.nio.ch.ServerSocketChannelImpl.bind(ServerSocketChannelImpl.java:227)
		at org.apache.tomcat.util.net.NioEndpoint.initServerSocket(NioEndpoint.java:268)
		at org.apache.tomcat.util.net.NioEndpoint.bind(NioEndpoint.java:223)
		at org.apache.tomcat.util.net.AbstractEndpoint.bindWithCleanup(AbstractEndpoint.java:1373)
		at org.apache.tomcat.util.net.AbstractEndpoint.init(AbstractEndpoint.java:1386)
		at org.apache.coyote.AbstractProtocol.init(AbstractProtocol.java:663)
		at org.apache.coyote.http11.AbstractHttp11Protocol.init(AbstractHttp11Protocol.java:77)
		at org.apache.catalina.connector.Connector.initInternal(Connector.java:1025)
		... 13 more
04-Nov-2024 15:43:11.292 INFO [main] org.apache.catalina.startup.Catalina.load [364] 밀리초 내에 서버가 초기화되었습니다.
04-Nov-2024 15:43:11.324 INFO [main] org.apache.catalina.core.StandardService.startInternal 서비스 [Catalina]을(를) 시작합니다.
04-Nov-2024 15:43:11.324 INFO [main] org.apache.catalina.core.StandardEngine.startInternal 서버 엔진을 시작합니다: [Apache Tomcat/9.0.96]
04-Nov-2024 15:43:11.340 INFO [main] org.apache.catalina.startup.HostConfig.deployWAR 웹 애플리케이션 아카이브 [C:\Users\admin\IdeaProjects\BookShop\apache-tomcat-9.0.96\webapps\mytest04-1.0.0-BUILD-SNAPSHOT.war]을(를) 배치합니다.
04-Nov-2024 15:43:12.596 INFO [main] org.apache.jasper.servlet.TldScanner.scanJars 적어도 하나의 JAR가 TLD들을 찾기 위해 스캔되었으나 아무 것도 찾지 못했습니다. 스캔했으나 TLD가 없는 JAR들의 전체 목록을 보시려면, 로그 레벨을 디버그 레벨로 설정하십시오. 스캔 과정에서 불필요한 JAR들을 건너뛰면, 시스템 시작 시간과 JSP 컴파일 시간을 단축시킬 수 있습니다.
04-Nov-2024 15:43:14.340 INFO [main] org.apache.catalina.startup.HostConfig.deployWAR 웹 애플리케이션 아카이브 [C:\Users\admin\IdeaProjects\BookShop\apache-tomcat-9.0.96\webapps\mytest04-1.0.0-BUILD-SNAPSHOT.war]의 배치가 [3,000] 밀리초에 완료되었습니다.
04-Nov-2024 15:43:14.340 INFO [main] org.apache.catalina.startup.HostConfig.deployDirectory 웹 애플리케이션 디렉토리 [C:\Users\admin\IdeaProjects\BookShop\apache-tomcat-9.0.96\webapps\docs]을(를) 배치합니다.
04-Nov-2024 15:43:14.356 INFO [main] org.apache.catalina.startup.HostConfig.deployDirectory 웹 애플리케이션 디렉토리 [C:\Users\admin\IdeaProjects\BookShop\apache-tomcat-9.0.96\webapps\docs]에 대한 배치가 [16] 밀리초에 완료되었습니다.
04-Nov-2024 15:43:14.356 INFO [main] org.apache.catalina.startup.HostConfig.deployDirectory 웹 애플리케이션 디렉토리 [C:\Users\admin\IdeaProjects\BookShop\apache-tomcat-9.0.96\webapps\examples]을(를) 배치합니다.
04-Nov-2024 15:43:14.497 INFO [main] org.apache.catalina.startup.HostConfig.deployDirectory 웹 애플리케이션 디렉토리 [C:\Users\admin\IdeaProjects\BookShop\apache-tomcat-9.0.96\webapps\examples]에 대한 배치가 [141] 밀리초에 완료되었습니다.
04-Nov-2024 15:43:14.497 INFO [main] org.apache.catalina.startup.HostConfig.deployDirectory 웹 애플리케이션 디렉토리 [C:\Users\admin\IdeaProjects\BookShop\apache-tomcat-9.0.96\webapps\host-manager]을(를) 배치합니다.
04-Nov-2024 15:43:14.513 INFO [main] org.apache.catalina.startup.HostConfig.deployDirectory 웹 애플리케이션 디렉토리 [C:\Users\admin\IdeaProjects\BookShop\apache-tomcat-9.0.96\webapps\host-manager]에 대한 배치가 [16] 밀리초에 완료되었습니다.
04-Nov-2024 15:43:14.513 INFO [main] org.apache.catalina.startup.HostConfig.deployDirectory 웹 애플리케이션 디렉토리 [C:\Users\admin\IdeaProjects\BookShop\apache-tomcat-9.0.96\webapps\manager]을(를) 배치합니다.
04-Nov-2024 15:43:14.529 INFO [main] org.apache.catalina.startup.HostConfig.deployDirectory 웹 애플리케이션 디렉토리 [C:\Users\admin\IdeaProjects\BookShop\apache-tomcat-9.0.96\webapps\manager]에 대한 배치가 [16] 밀리초에 완료되었습니다.
04-Nov-2024 15:43:14.529 INFO [main] org.apache.catalina.startup.HostConfig.deployDirectory 웹 애플리케이션 디렉토리 [C:\Users\admin\IdeaProjects\BookShop\apache-tomcat-9.0.96\webapps\ROOT]을(를) 배치합니다.
04-Nov-2024 15:43:14.544 INFO [main] org.apache.catalina.startup.HostConfig.deployDirectory 웹 애플리케이션 디렉토리 [C:\Users\admin\IdeaProjects\BookShop\apache-tomcat-9.0.96\webapps\ROOT]에 대한 배치가 [15] 밀리초에 완료되었습니다.
04-Nov-2024 15:43:14.544 INFO [main] org.apache.catalina.startup.Catalina.start 서버가 [3256] 밀리초 내에 시작되었습니다.
04-Nov-2024 15:43:14.560 SEVERE [main] org.apache.catalina.core.StandardServer.await 주소 [localhost]와(과) 포트 [8005]에, 서버 셧다운 소켓을 생성하지 못했습니다. (base 포트 [8005], offset [0])
	java.net.BindException: Address already in use: NET_Bind
		at java.base/java.net.PlainSocketImpl.bind0(Native Method)
		at java.base/java.net.PlainSocketImpl.socketBind(PlainSocketImpl.java:132)
		at java.base/java.net.AbstractPlainSocketImpl.bind(AbstractPlainSocketImpl.java:452)
		at java.base/java.net.ServerSocket.bind(ServerSocket.java:381)
		at java.base/java.net.ServerSocket.<init>(ServerSocket.java:243)
		at org.apache.catalina.core.StandardServer.await(StandardServer.java:537)
		at org.apache.catalina.startup.Catalina.await(Catalina.java:825)
		at org.apache.catalina.startup.Catalina.start(Catalina.java:773)
		at java.base/jdk.internal.reflect.NativeMethodAccessorImpl.invoke0(Native Method)
		at java.base/jdk.internal.reflect.NativeMethodAccessorImpl.invoke(NativeMethodAccessorImpl.java:62)
		at java.base/jdk.internal.reflect.DelegatingMethodAccessorImpl.invoke(DelegatingMethodAccessorImpl.java:43)
		at java.base/java.lang.reflect.Method.invoke(Method.java:566)
		at org.apache.catalina.startup.Bootstrap.start(Bootstrap.java:345)
		at org.apache.catalina.startup.Bootstrap.main(Bootstrap.java:473)
04-Nov-2024 15:43:14.560 INFO [main] org.apache.coyote.AbstractProtocol.pause 프로토콜 핸들러 ["http-nio-8080"]을(를) 일시 정지 중
04-Nov-2024 15:43:14.560 INFO [main] org.apache.catalina.core.StandardService.stopInternal 서비스 [Catalina]을(를) 중지시킵니다.
04-Nov-2024 15:43:14.576 WARNING [main] org.apache.catalina.loader.WebappClassLoaderBase.clearReferencesJdbc 웹 애플리케이션 [mytest04-1.0.0-BUILD-SNAPSHOT]이(가) JDBC 드라이버 [oracle.jdbc.OracleDriver]을(를) 등록했지만, 웹 애플리케이션이 중지될 때, 해당 JDBC 드라이버의 등록을 제거하지 못했습니다. 메모리 누수를 방지하기 위하여, 등록을 강제로 제거했습니다.
04-Nov-2024 15:43:14.576 WARNING [main] org.apache.catalina.loader.WebappClassLoaderBase.clearReferencesThreads 웹 애플리케이션 [mytest04-1.0.0-BUILD-SNAPSHOT]이(가) [oracle.jdbc.driver.BlockSource.ThreadedCachingBlockSource.BlockReleaser](이)라는 이름의 쓰레드를 시작시킨 것으로 보이지만, 해당 쓰레드를 중지시키지 못했습니다. 이는 메모리 누수를 유발할 가능성이 큽니다. 해당 쓰레드의 스택 트레이스:
 java.base@11.0.24/java.lang.Object.wait(Native Method)
 oracle.jdbc.driver.BlockSource$ThreadedCachingBlockSource$BlockReleaser.run(BlockSource.java:327)
04-Nov-2024 15:43:14.576 INFO [main] org.apache.coyote.AbstractProtocol.stop 프로토콜 핸들러 ["http-nio-8080"]을(를) 중지시킵니다.
04-Nov-2024 15:43:14.576 INFO [main] org.apache.coyote.AbstractProtocol.destroy 프로토콜 핸들러 ["http-nio-8080"]을(를) 소멸시킵니다.
04-Nov-2024 15:44:05.561 INFO [main] org.apache.catalina.startup.VersionLoggerListener.log 서버 버전 이름:    Apache Tomcat/9.0.96
04-Nov-2024 15:44:05.577 INFO [main] org.apache.catalina.startup.VersionLoggerListener.log Server 빌드 시각:  Oct 3 2024 19:44:30 UTC
04-Nov-2024 15:44:05.577 INFO [main] org.apache.catalina.startup.VersionLoggerListener.log Server 버전 번호:  9.0.96.0
04-Nov-2024 15:44:05.577 INFO [main] org.apache.catalina.startup.VersionLoggerListener.log 운영체제 이름:     Windows 11
04-Nov-2024 15:44:05.577 INFO [main] org.apache.catalina.startup.VersionLoggerListener.log 운영체제 버전:     10.0
04-Nov-2024 15:44:05.577 INFO [main] org.apache.catalina.startup.VersionLoggerListener.log 아키텍처:          amd64
04-Nov-2024 15:44:05.577 INFO [main] org.apache.catalina.startup.VersionLoggerListener.log 자바 홈:           C:\Program Files\Java\jdk-11
04-Nov-2024 15:44:05.577 INFO [main] org.apache.catalina.startup.VersionLoggerListener.log JVM 버전:          11.0.24+7-LTS-271
04-Nov-2024 15:44:05.577 INFO [main] org.apache.catalina.startup.VersionLoggerListener.log JVM 벤더:          Oracle Corporation
04-Nov-2024 15:44:05.577 INFO [main] org.apache.catalina.startup.VersionLoggerListener.log CATALINA_BASE:     C:\Users\admin\IdeaProjects\BookShop\apache-tomcat-9.0.96
04-Nov-2024 15:44:05.577 INFO [main] org.apache.catalina.startup.VersionLoggerListener.log CATALINA_HOME:     C:\Users\admin\IdeaProjects\BookShop\apache-tomcat-9.0.96
04-Nov-2024 15:44:05.577 INFO [main] org.apache.catalina.startup.VersionLoggerListener.log 명령 행 아규먼트:  --add-opens=java.base/java.lang=ALL-UNNAMED
04-Nov-2024 15:44:05.577 INFO [main] org.apache.catalina.startup.VersionLoggerListener.log 명령 행 아규먼트:  --add-opens=java.base/java.io=ALL-UNNAMED
04-Nov-2024 15:44:05.577 INFO [main] org.apache.catalina.startup.VersionLoggerListener.log 명령 행 아규먼트:  --add-opens=java.base/java.util=ALL-UNNAMED
04-Nov-2024 15:44:05.577 INFO [main] org.apache.catalina.startup.VersionLoggerListener.log 명령 행 아규먼트:  --add-opens=java.base/java.util.concurrent=ALL-UNNAMED
04-Nov-2024 15:44:05.577 INFO [main] org.apache.catalina.startup.VersionLoggerListener.log 명령 행 아규먼트:  --add-opens=java.rmi/sun.rmi.transport=ALL-UNNAMED
04-Nov-2024 15:44:05.577 INFO [main] org.apache.catalina.startup.VersionLoggerListener.log 명령 행 아규먼트:  -Djava.util.logging.config.file=C:\Users\admin\IdeaProjects\BookShop\apache-tomcat-9.0.96\conf\logging.properties
04-Nov-2024 15:44:05.577 INFO [main] org.apache.catalina.startup.VersionLoggerListener.log 명령 행 아규먼트:  -Djava.util.logging.manager=org.apache.juli.ClassLoaderLogManager
04-Nov-2024 15:44:05.577 INFO [main] org.apache.catalina.startup.VersionLoggerListener.log 명령 행 아규먼트:  -Djdk.tls.ephemeralDHKeySize=2048
04-Nov-2024 15:44:05.577 INFO [main] org.apache.catalina.startup.VersionLoggerListener.log 명령 행 아규먼트:  -Djava.protocol.handler.pkgs=org.apache.catalina.webresources
04-Nov-2024 15:44:05.577 INFO [main] org.apache.catalina.startup.VersionLoggerListener.log 명령 행 아규먼트:  -Dignore.endorsed.dirs=
04-Nov-2024 15:44:05.577 INFO [main] org.apache.catalina.startup.VersionLoggerListener.log 명령 행 아규먼트:  -Dcatalina.base=C:\Users\admin\IdeaProjects\BookShop\apache-tomcat-9.0.96
04-Nov-2024 15:44:05.577 INFO [main] org.apache.catalina.startup.VersionLoggerListener.log 명령 행 아규먼트:  -Dcatalina.home=C:\Users\admin\IdeaProjects\BookShop\apache-tomcat-9.0.96
04-Nov-2024 15:44:05.577 INFO [main] org.apache.catalina.startup.VersionLoggerListener.log 명령 행 아규먼트:  -Djava.io.tmpdir=C:\Users\admin\IdeaProjects\BookShop\apache-tomcat-9.0.96\temp
04-Nov-2024 15:44:05.577 INFO [main] org.apache.catalina.core.AprLifecycleListener.lifecycleEvent 프로덕션 환경들에서 최적의 성능을 제공하는, APR 기반 Apache Tomcat Native 라이브러리가, 다음 java.library.path에서 발견되지 않습니다: [C:\Program Files\Java\jdk-11\bin;C:\WINDOWS\Sun\Java\bin;C:\WINDOWS\system32;C:\WINDOWS;C:\Program Files\Java\jdk-11\bin;C:\Program Files\Common Files\Oracle\Java\javapath;C:\app\admin\product\21c\dbhomeXE\bin;C:\Program Files (x86)\VMware\VMware Workstation\bin\;C:\WINDOWS\system32;C:\WINDOWS;C:\WINDOWS\System32\Wbem;C:\WINDOWS\System32\WindowsPowerShell\v1.0\;C:\WINDOWS\System32\OpenSSH\;C:\Program Files\Bandizip\;C:\Program Files\Git\cmd;C:\Users\admin\AppData\Local\Microsoft\WindowsApps;;.]
04-Nov-2024 15:44:05.749 INFO [main] org.apache.coyote.AbstractProtocol.init 프로토콜 핸들러 ["http-nio-8080"]을(를) 초기화합니다.
04-Nov-2024 15:44:05.766 INFO [main] org.apache.catalina.startup.Catalina.load [313] 밀리초 내에 서버가 초기화되었습니다.
04-Nov-2024 15:44:05.797 INFO [main] org.apache.catalina.core.StandardService.startInternal 서비스 [Catalina]을(를) 시작합니다.
04-Nov-2024 15:44:05.797 INFO [main] org.apache.catalina.core.StandardEngine.startInternal 서버 엔진을 시작합니다: [Apache Tomcat/9.0.96]
04-Nov-2024 15:44:05.812 INFO [main] org.apache.catalina.startup.HostConfig.deployWAR 웹 애플리케이션 아카이브 [C:\Users\admin\IdeaProjects\BookShop\apache-tomcat-9.0.96\webapps\mytest04-1.0.0-BUILD-SNAPSHOT.war]을(를) 배치합니다.
04-Nov-2024 15:44:06.802 INFO [main] org.apache.jasper.servlet.TldScanner.scanJars 적어도 하나의 JAR가 TLD들을 찾기 위해 스캔되었으나 아무 것도 찾지 못했습니다. 스캔했으나 TLD가 없는 JAR들의 전체 목록을 보시려면, 로그 레벨을 디버그 레벨로 설정하십시오. 스캔 과정에서 불필요한 JAR들을 건너뛰면, 시스템 시작 시간과 JSP 컴파일 시간을 단축시킬 수 있습니다.
04-Nov-2024 15:44:08.626 INFO [main] org.apache.catalina.startup.HostConfig.deployWAR 웹 애플리케이션 아카이브 [C:\Users\admin\IdeaProjects\BookShop\apache-tomcat-9.0.96\webapps\mytest04-1.0.0-BUILD-SNAPSHOT.war]의 배치가 [2,814] 밀리초에 완료되었습니다.
04-Nov-2024 15:44:08.626 INFO [main] org.apache.catalina.startup.HostConfig.deployDirectory 웹 애플리케이션 디렉토리 [C:\Users\admin\IdeaProjects\BookShop\apache-tomcat-9.0.96\webapps\docs]을(를) 배치합니다.
04-Nov-2024 15:44:08.642 INFO [main] org.apache.catalina.startup.HostConfig.deployDirectory 웹 애플리케이션 디렉토리 [C:\Users\admin\IdeaProjects\BookShop\apache-tomcat-9.0.96\webapps\docs]에 대한 배치가 [16] 밀리초에 완료되었습니다.
04-Nov-2024 15:44:08.642 INFO [main] org.apache.catalina.startup.HostConfig.deployDirectory 웹 애플리케이션 디렉토리 [C:\Users\admin\IdeaProjects\BookShop\apache-tomcat-9.0.96\webapps\examples]을(를) 배치합니다.
04-Nov-2024 15:44:08.799 INFO [main] org.apache.catalina.startup.HostConfig.deployDirectory 웹 애플리케이션 디렉토리 [C:\Users\admin\IdeaProjects\BookShop\apache-tomcat-9.0.96\webapps\examples]에 대한 배치가 [157] 밀리초에 완료되었습니다.
04-Nov-2024 15:44:08.799 INFO [main] org.apache.catalina.startup.HostConfig.deployDirectory 웹 애플리케이션 디렉토리 [C:\Users\admin\IdeaProjects\BookShop\apache-tomcat-9.0.96\webapps\host-manager]을(를) 배치합니다.
04-Nov-2024 15:44:08.822 INFO [main] org.apache.catalina.startup.HostConfig.deployDirectory 웹 애플리케이션 디렉토리 [C:\Users\admin\IdeaProjects\BookShop\apache-tomcat-9.0.96\webapps\host-manager]에 대한 배치가 [23] 밀리초에 완료되었습니다.
04-Nov-2024 15:44:08.822 INFO [main] org.apache.catalina.startup.HostConfig.deployDirectory 웹 애플리케이션 디렉토리 [C:\Users\admin\IdeaProjects\BookShop\apache-tomcat-9.0.96\webapps\manager]을(를) 배치합니다.
04-Nov-2024 15:44:08.836 INFO [main] org.apache.catalina.startup.HostConfig.deployDirectory 웹 애플리케이션 디렉토리 [C:\Users\admin\IdeaProjects\BookShop\apache-tomcat-9.0.96\webapps\manager]에 대한 배치가 [14] 밀리초에 완료되었습니다.
04-Nov-2024 15:44:08.836 INFO [main] org.apache.catalina.startup.HostConfig.deployDirectory 웹 애플리케이션 디렉토리 [C:\Users\admin\IdeaProjects\BookShop\apache-tomcat-9.0.96\webapps\ROOT]을(를) 배치합니다.
04-Nov-2024 15:44:08.847 INFO [main] org.apache.catalina.startup.HostConfig.deployDirectory 웹 애플리케이션 디렉토리 [C:\Users\admin\IdeaProjects\BookShop\apache-tomcat-9.0.96\webapps\ROOT]에 대한 배치가 [11] 밀리초에 완료되었습니다.
04-Nov-2024 15:44:08.847 INFO [main] org.apache.coyote.AbstractProtocol.start 프로토콜 핸들러 ["http-nio-8080"]을(를) 시작합니다.
04-Nov-2024 15:44:08.925 INFO [main] org.apache.catalina.startup.Catalina.start 서버가 [3157] 밀리초 내에 시작되었습니다.
04-Nov-2024 15:44:41.512 INFO [Thread-1] org.apache.coyote.AbstractProtocol.pause 프로토콜 핸들러 ["http-nio-8080"]을(를) 일시 정지 중
04-Nov-2024 15:44:41.590 INFO [Thread-1] org.apache.catalina.core.StandardService.stopInternal 서비스 [Catalina]을(를) 중지시킵니다.
04-Nov-2024 15:44:41.623 WARNING [Thread-1] org.apache.catalina.loader.WebappClassLoaderBase.clearReferencesJdbc 웹 애플리케이션 [mytest04-1.0.0-BUILD-SNAPSHOT]이(가) JDBC 드라이버 [oracle.jdbc.OracleDriver]을(를) 등록했지만, 웹 애플리케이션이 중지될 때, 해당 JDBC 드라이버의 등록을 제거하지 못했습니다. 메모리 누수를 방지하기 위하여, 등록을 강제로 제거했습니다.
04-Nov-2024 15:44:41.623 WARNING [Thread-1] org.apache.catalina.loader.WebappClassLoaderBase.clearReferencesThreads 웹 애플리케이션 [mytest04-1.0.0-BUILD-SNAPSHOT]이(가) [oracle.jdbc.driver.BlockSource.ThreadedCachingBlockSource.BlockReleaser](이)라는 이름의 쓰레드를 시작시킨 것으로 보이지만, 해당 쓰레드를 중지시키지 못했습니다. 이는 메모리 누수를 유발할 가능성이 큽니다. 해당 쓰레드의 스택 트레이스:
 java.base@11.0.24/java.lang.Object.wait(Native Method)
 oracle.jdbc.driver.BlockSource$ThreadedCachingBlockSource$BlockReleaser.run(BlockSource.java:327)
04-Nov-2024 15:44:41.640 INFO [Thread-1] org.apache.coyote.AbstractProtocol.stop 프로토콜 핸들러 ["http-nio-8080"]을(를) 중지시킵니다.
04-Nov-2024 15:44:41.657 INFO [Thread-1] org.apache.coyote.AbstractProtocol.destroy 프로토콜 핸들러 ["http-nio-8080"]을(를) 소멸시킵니다.
04-Nov-2024 15:47:19.299 INFO [main] org.apache.catalina.startup.VersionLoggerListener.log 서버 버전 이름:    Apache Tomcat/9.0.96
04-Nov-2024 15:47:19.299 INFO [main] org.apache.catalina.startup.VersionLoggerListener.log Server 빌드 시각:  Oct 3 2024 19:44:30 UTC
04-Nov-2024 15:47:19.299 INFO [main] org.apache.catalina.startup.VersionLoggerListener.log Server 버전 번호:  9.0.96.0
04-Nov-2024 15:47:19.299 INFO [main] org.apache.catalina.startup.VersionLoggerListener.log 운영체제 이름:     Windows 11
04-Nov-2024 15:47:19.299 INFO [main] org.apache.catalina.startup.VersionLoggerListener.log 운영체제 버전:     10.0
04-Nov-2024 15:47:19.299 INFO [main] org.apache.catalina.startup.VersionLoggerListener.log 아키텍처:          amd64
04-Nov-2024 15:47:19.315 INFO [main] org.apache.catalina.startup.VersionLoggerListener.log 자바 홈:           C:\Program Files\Java\jdk-11
04-Nov-2024 15:47:19.315 INFO [main] org.apache.catalina.startup.VersionLoggerListener.log JVM 버전:          11.0.24+7-LTS-271
04-Nov-2024 15:47:19.315 INFO [main] org.apache.catalina.startup.VersionLoggerListener.log JVM 벤더:          Oracle Corporation
04-Nov-2024 15:47:19.315 INFO [main] org.apache.catalina.startup.VersionLoggerListener.log CATALINA_BASE:     C:\Users\admin\IdeaProjects\BookShop\apache-tomcat-9.0.96
04-Nov-2024 15:47:19.315 INFO [main] org.apache.catalina.startup.VersionLoggerListener.log CATALINA_HOME:     C:\Users\admin\IdeaProjects\BookShop\apache-tomcat-9.0.96
04-Nov-2024 15:47:19.324 INFO [main] org.apache.catalina.startup.VersionLoggerListener.log 명령 행 아규먼트:  --add-opens=java.base/java.lang=ALL-UNNAMED
04-Nov-2024 15:47:19.324 INFO [main] org.apache.catalina.startup.VersionLoggerListener.log 명령 행 아규먼트:  --add-opens=java.base/java.io=ALL-UNNAMED
04-Nov-2024 15:47:19.324 INFO [main] org.apache.catalina.startup.VersionLoggerListener.log 명령 행 아규먼트:  --add-opens=java.base/java.util=ALL-UNNAMED
04-Nov-2024 15:47:19.324 INFO [main] org.apache.catalina.startup.VersionLoggerListener.log 명령 행 아규먼트:  --add-opens=java.base/java.util.concurrent=ALL-UNNAMED
04-Nov-2024 15:47:19.324 INFO [main] org.apache.catalina.startup.VersionLoggerListener.log 명령 행 아규먼트:  --add-opens=java.rmi/sun.rmi.transport=ALL-UNNAMED
04-Nov-2024 15:47:19.324 INFO [main] org.apache.catalina.startup.VersionLoggerListener.log 명령 행 아규먼트:  -Djava.util.logging.config.file=C:\Users\admin\IdeaProjects\BookShop\apache-tomcat-9.0.96\conf\logging.properties
04-Nov-2024 15:47:19.324 INFO [main] org.apache.catalina.startup.VersionLoggerListener.log 명령 행 아규먼트:  -Djava.util.logging.manager=org.apache.juli.ClassLoaderLogManager
04-Nov-2024 15:47:19.324 INFO [main] org.apache.catalina.startup.VersionLoggerListener.log 명령 행 아규먼트:  -Djdk.tls.ephemeralDHKeySize=2048
04-Nov-2024 15:47:19.324 INFO [main] org.apache.catalina.startup.VersionLoggerListener.log 명령 행 아규먼트:  -Djava.protocol.handler.pkgs=org.apache.catalina.webresources
04-Nov-2024 15:47:19.324 INFO [main] org.apache.catalina.startup.VersionLoggerListener.log 명령 행 아규먼트:  -Dignore.endorsed.dirs=
04-Nov-2024 15:47:19.324 INFO [main] org.apache.catalina.startup.VersionLoggerListener.log 명령 행 아규먼트:  -Dcatalina.base=C:\Users\admin\IdeaProjects\BookShop\apache-tomcat-9.0.96
04-Nov-2024 15:47:19.324 INFO [main] org.apache.catalina.startup.VersionLoggerListener.log 명령 행 아규먼트:  -Dcatalina.home=C:\Users\admin\IdeaProjects\BookShop\apache-tomcat-9.0.96
04-Nov-2024 15:47:19.324 INFO [main] org.apache.catalina.startup.VersionLoggerListener.log 명령 행 아규먼트:  -Djava.io.tmpdir=C:\Users\admin\IdeaProjects\BookShop\apache-tomcat-9.0.96\temp
04-Nov-2024 15:47:19.324 INFO [main] org.apache.catalina.core.AprLifecycleListener.lifecycleEvent 프로덕션 환경들에서 최적의 성능을 제공하는, APR 기반 Apache Tomcat Native 라이브러리가, 다음 java.library.path에서 발견되지 않습니다: [C:\Program Files\Java\jdk-11\bin;C:\WINDOWS\Sun\Java\bin;C:\WINDOWS\system32;C:\WINDOWS;C:\Program Files\Java\jdk-11\bin;C:\Program Files\Common Files\Oracle\Java\javapath;C:\app\admin\product\21c\dbhomeXE\bin;C:\Program Files (x86)\VMware\VMware Workstation\bin\;C:\WINDOWS\system32;C:\WINDOWS;C:\WINDOWS\System32\Wbem;C:\WINDOWS\System32\WindowsPowerShell\v1.0\;C:\WINDOWS\System32\OpenSSH\;C:\Program Files\Bandizip\;C:\Program Files\Git\cmd;C:\Users\admin\AppData\Local\Microsoft\WindowsApps;;.]
04-Nov-2024 15:47:19.457 INFO [main] org.apache.coyote.AbstractProtocol.init 프로토콜 핸들러 ["http-nio-8080"]을(를) 초기화합니다.
04-Nov-2024 15:47:19.473 INFO [main] org.apache.catalina.startup.Catalina.load [318] 밀리초 내에 서버가 초기화되었습니다.
04-Nov-2024 15:47:19.504 INFO [main] org.apache.catalina.core.StandardService.startInternal 서비스 [Catalina]을(를) 시작합니다.
04-Nov-2024 15:47:19.504 INFO [main] org.apache.catalina.core.StandardEngine.startInternal 서버 엔진을 시작합니다: [Apache Tomcat/9.0.96]
04-Nov-2024 15:47:20.447 INFO [main] org.apache.jasper.servlet.TldScanner.scanJars 적어도 하나의 JAR가 TLD들을 찾기 위해 스캔되었으나 아무 것도 찾지 못했습니다. 스캔했으나 TLD가 없는 JAR들의 전체 목록을 보시려면, 로그 레벨을 디버그 레벨로 설정하십시오. 스캔 과정에서 불필요한 JAR들을 건너뛰면, 시스템 시작 시간과 JSP 컴파일 시간을 단축시킬 수 있습니다.
04-Nov-2024 15:47:22.208 INFO [main] org.apache.catalina.startup.HostConfig.deployWAR 웹 애플리케이션 아카이브 [C:\Users\admin\IdeaProjects\BookShop\apache-tomcat-9.0.96\webapps\mytest04-1.0.0-BUILD-SNAPSHOT.war]을(를) 배치합니다.
04-Nov-2024 15:47:22.877 INFO [main] org.apache.jasper.servlet.TldScanner.scanJars 적어도 하나의 JAR가 TLD들을 찾기 위해 스캔되었으나 아무 것도 찾지 못했습니다. 스캔했으나 TLD가 없는 JAR들의 전체 목록을 보시려면, 로그 레벨을 디버그 레벨로 설정하십시오. 스캔 과정에서 불필요한 JAR들을 건너뛰면, 시스템 시작 시간과 JSP 컴파일 시간을 단축시킬 수 있습니다.
04-Nov-2024 15:47:24.218 INFO [main] org.apache.catalina.startup.HostConfig.deployWAR 웹 애플리케이션 아카이브 [C:\Users\admin\IdeaProjects\BookShop\apache-tomcat-9.0.96\webapps\mytest04-1.0.0-BUILD-SNAPSHOT.war]의 배치가 [2,010] 밀리초에 완료되었습니다.
04-Nov-2024 15:47:24.218 INFO [main] org.apache.catalina.startup.HostConfig.deployDirectory 웹 애플리케이션 디렉토리 [C:\Users\admin\IdeaProjects\BookShop\apache-tomcat-9.0.96\webapps\docs]을(를) 배치합니다.
04-Nov-2024 15:47:24.235 INFO [main] org.apache.catalina.startup.HostConfig.deployDirectory 웹 애플리케이션 디렉토리 [C:\Users\admin\IdeaProjects\BookShop\apache-tomcat-9.0.96\webapps\docs]에 대한 배치가 [17] 밀리초에 완료되었습니다.
04-Nov-2024 15:47:24.235 INFO [main] org.apache.catalina.startup.HostConfig.deployDirectory 웹 애플리케이션 디렉토리 [C:\Users\admin\IdeaProjects\BookShop\apache-tomcat-9.0.96\webapps\examples]을(를) 배치합니다.
04-Nov-2024 15:47:24.361 INFO [main] org.apache.catalina.startup.HostConfig.deployDirectory 웹 애플리케이션 디렉토리 [C:\Users\admin\IdeaProjects\BookShop\apache-tomcat-9.0.96\webapps\examples]에 대한 배치가 [126] 밀리초에 완료되었습니다.
04-Nov-2024 15:47:24.361 INFO [main] org.apache.catalina.startup.HostConfig.deployDirectory 웹 애플리케이션 디렉토리 [C:\Users\admin\IdeaProjects\BookShop\apache-tomcat-9.0.96\webapps\host-manager]을(를) 배치합니다.
04-Nov-2024 15:47:24.393 INFO [main] org.apache.catalina.startup.HostConfig.deployDirectory 웹 애플리케이션 디렉토리 [C:\Users\admin\IdeaProjects\BookShop\apache-tomcat-9.0.96\webapps\host-manager]에 대한 배치가 [32] 밀리초에 완료되었습니다.
04-Nov-2024 15:47:24.393 INFO [main] org.apache.catalina.startup.HostConfig.deployDirectory 웹 애플리케이션 디렉토리 [C:\Users\admin\IdeaProjects\BookShop\apache-tomcat-9.0.96\webapps\manager]을(를) 배치합니다.
04-Nov-2024 15:47:24.393 INFO [main] org.apache.catalina.startup.HostConfig.deployDirectory 웹 애플리케이션 디렉토리 [C:\Users\admin\IdeaProjects\BookShop\apache-tomcat-9.0.96\webapps\manager]에 대한 배치가 [0] 밀리초에 완료되었습니다.
04-Nov-2024 15:47:24.408 INFO [main] org.apache.coyote.AbstractProtocol.start 프로토콜 핸들러 ["http-nio-8080"]을(를) 시작합니다.
04-Nov-2024 15:47:24.456 INFO [main] org.apache.catalina.startup.Catalina.start 서버가 [4986] 밀리초 내에 시작되었습니다.
04-Nov-2024 15:47:37.128 WARNING [http-nio-8080-exec-9] org.apache.coyote.http11.Http11Processor.writeHeaders 값이 [attachment; fileName=모두의 딥러닝_상세.jpg]인 HTTP 응답 헤더 [Content-disposition](이)가 유효하지 않은 값이므로 응답에서 제거되었습니다.
	java.lang.IllegalArgumentException: code point [47,784]에 위치한 유니코드 문자 [모]은(는), 0에서 255까지의 허용 범위 바깥에 있으므로 인코딩될 수 없습니다.
		at org.apache.tomcat.util.buf.MessageBytes.toBytesSimple(MessageBytes.java:310)
		at org.apache.tomcat.util.buf.MessageBytes.toBytes(MessageBytes.java:283)
		at org.apache.coyote.http11.Http11OutputBuffer.write(Http11OutputBuffer.java:400)
		at org.apache.coyote.http11.Http11OutputBuffer.sendHeader(Http11OutputBuffer.java:379)
		at org.apache.coyote.http11.Http11Processor.writeHeaders(Http11Processor.java:1047)
		at org.apache.coyote.http11.Http11Processor.prepareResponse(Http11Processor.java:1034)
		at org.apache.coyote.AbstractProcessor.action(AbstractProcessor.java:376)
		at org.apache.coyote.Response.action(Response.java:207)
		at org.apache.coyote.http11.Http11OutputBuffer.doWrite(Http11OutputBuffer.java:187)
		at org.apache.coyote.Response.doWrite(Response.java:623)
		at org.apache.catalina.connector.OutputBuffer.realWriteBytes(OutputBuffer.java:333)
		at org.apache.catalina.connector.OutputBuffer.flushByteBuffer(OutputBuffer.java:780)
		at org.apache.catalina.connector.OutputBuffer.append(OutputBuffer.java:677)
		at org.apache.catalina.connector.OutputBuffer.writeBytes(OutputBuffer.java:380)
		at org.apache.catalina.connector.OutputBuffer.write(OutputBuffer.java:358)
		at org.apache.catalina.connector.CoyoteOutputStream.write(CoyoteOutputStream.java:103)
		at com.bookshop01.common.file.FileDownloadController.download(FileDownloadController.java:38)
		at java.base/jdk.internal.reflect.NativeMethodAccessorImpl.invoke0(Native Method)
		at java.base/jdk.internal.reflect.NativeMethodAccessorImpl.invoke(NativeMethodAccessorImpl.java:62)
		at java.base/jdk.internal.reflect.DelegatingMethodAccessorImpl.invoke(DelegatingMethodAccessorImpl.java:43)
		at java.base/java.lang.reflect.Method.invoke(Method.java:566)
		at org.springframework.web.method.support.InvocableHandlerMethod.invoke(InvocableHandlerMethod.java:215)
		at org.springframework.web.method.support.InvocableHandlerMethod.invokeForRequest(InvocableHandlerMethod.java:132)
		at org.springframework.web.servlet.mvc.method.annotation.ServletInvocableHandlerMethod.invokeAndHandle(ServletInvocableHandlerMethod.java:104)
		at org.springframework.web.servlet.mvc.method.annotation.RequestMappingHandlerAdapter.invokeHandleMethod(RequestMappingHandlerAdapter.java:781)
		at org.springframework.web.servlet.mvc.method.annotation.RequestMappingHandlerAdapter.handleInternal(RequestMappingHandlerAdapter.java:721)
		at org.springframework.web.servlet.mvc.method.AbstractHandlerMethodAdapter.handle(AbstractHandlerMethodAdapter.java:83)
		at org.springframework.web.servlet.DispatcherServlet.doDispatch(DispatcherServlet.java:943)
		at org.springframework.web.servlet.DispatcherServlet.doService(DispatcherServlet.java:877)
		at org.springframework.web.servlet.FrameworkServlet.processRequest(FrameworkServlet.java:966)
		at org.springframework.web.servlet.FrameworkServlet.doGet(FrameworkServlet.java:857)
		at javax.servlet.http.HttpServlet.service(HttpServlet.java:529)
		at org.springframework.web.servlet.FrameworkServlet.service(FrameworkServlet.java:842)
		at javax.servlet.http.HttpServlet.service(HttpServlet.java:623)
		at org.apache.catalina.core.ApplicationFilterChain.internalDoFilter(ApplicationFilterChain.java:199)
		at org.apache.catalina.core.ApplicationFilterChain.doFilter(ApplicationFilterChain.java:144)
		at org.apache.tomcat.websocket.server.WsFilter.doFilter(WsFilter.java:51)
		at org.apache.catalina.core.ApplicationFilterChain.internalDoFilter(ApplicationFilterChain.java:168)
		at org.apache.catalina.core.ApplicationFilterChain.doFilter(ApplicationFilterChain.java:144)
		at org.springframework.web.filter.CharacterEncodingFilter.doFilterInternal(CharacterEncodingFilter.java:88)
		at org.springframework.web.filter.OncePerRequestFilter.doFilter(OncePerRequestFilter.java:107)
		at org.apache.catalina.core.ApplicationFilterChain.internalDoFilter(ApplicationFilterChain.java:168)
		at org.apache.catalina.core.ApplicationFilterChain.doFilter(ApplicationFilterChain.java:144)
		at org.apache.catalina.core.StandardWrapperValve.invoke(StandardWrapperValve.java:168)
		at org.apache.catalina.core.StandardContextValve.invoke(StandardContextValve.java:90)
		at org.apache.catalina.authenticator.AuthenticatorBase.invoke(AuthenticatorBase.java:482)
		at org.apache.catalina.core.StandardHostValve.invoke(StandardHostValve.java:130)
		at org.apache.catalina.valves.ErrorReportValve.invoke(ErrorReportValve.java:93)
		at org.apache.catalina.valves.AbstractAccessLogValve.invoke(AbstractAccessLogValve.java:660)
		at org.apache.catalina.core.StandardEngineValve.invoke(StandardEngineValve.java:74)
		at org.apache.catalina.connector.CoyoteAdapter.service(CoyoteAdapter.java:346)
		at org.apache.coyote.http11.Http11Processor.service(Http11Processor.java:383)
		at org.apache.coyote.AbstractProcessorLight.process(AbstractProcessorLight.java:63)
		at org.apache.coyote.AbstractProtocol$ConnectionHandler.process(AbstractProtocol.java:937)
		at org.apache.tomcat.util.net.NioEndpoint$SocketProcessor.doRun(NioEndpoint.java:1791)
		at org.apache.tomcat.util.net.SocketProcessorBase.run(SocketProcessorBase.java:52)
		at org.apache.tomcat.util.threads.ThreadPoolExecutor.runWorker(ThreadPoolExecutor.java:1190)
		at org.apache.tomcat.util.threads.ThreadPoolExecutor$Worker.run(ThreadPoolExecutor.java:659)
		at org.apache.tomcat.util.threads.TaskThread$WrappingRunnable.run(TaskThread.java:63)
		at java.base/java.lang.Thread.run(Thread.java:834)
