05-Nov-2024 11:35:48.845 INFO [main] org.apache.catalina.core.ApplicationContext.log No Spring WebApplicationInitializer types detected on classpath
05-Nov-2024 11:35:48.945 INFO [main] org.apache.catalina.core.ApplicationContext.log Initializing Spring root WebApplicationContext
05-Nov-2024 11:35:50.195 INFO [main] org.apache.catalina.core.ApplicationContext.log Initializing Spring FrameworkServlet 'appServlet'
05-Nov-2024 11:35:52.953 INFO [main] org.apache.catalina.core.ApplicationContext.log No Spring WebApplicationInitializer types detected on classpath
05-Nov-2024 11:35:53.018 INFO [main] org.apache.catalina.core.ApplicationContext.log Initializing Spring root WebApplicationContext
05-Nov-2024 11:35:53.585 INFO [main] org.apache.catalina.core.ApplicationContext.log Initializing Spring FrameworkServlet 'appServlet'
05-Nov-2024 11:35:54.880 INFO [main] org.apache.catalina.core.ApplicationContext.log ContextListener: contextInitialized()
05-Nov-2024 11:35:54.880 INFO [main] org.apache.catalina.core.ApplicationContext.log SessionListener: contextInitialized()
05-Nov-2024 11:35:54.880 INFO [main] org.apache.catalina.core.ApplicationContext.log ContextListener: attributeAdded('StockTicker', 'async.Stockticker@69bdb27c')
05-Nov-2024 11:36:04.951 INFO [Catalina-utility-2] org.apache.catalina.core.ApplicationContext.log Destroying Spring FrameworkServlet 'appServlet'
05-Nov-2024 11:36:04.957 INFO [Catalina-utility-2] org.apache.catalina.core.ApplicationContext.log Closing Spring root WebApplicationContext
05-Nov-2024 11:36:05.636 INFO [Catalina-utility-2] org.apache.catalina.core.ApplicationContext.log No Spring WebApplicationInitializer types detected on classpath
05-Nov-2024 11:36:05.708 INFO [Catalina-utility-2] org.apache.catalina.core.ApplicationContext.log Initializing Spring root WebApplicationContext
05-Nov-2024 11:36:06.382 INFO [Catalina-utility-2] org.apache.catalina.core.ApplicationContext.log Initializing Spring FrameworkServlet 'appServlet'
05-Nov-2024 12:03:20.197 INFO [Thread-1] org.apache.catalina.core.ApplicationContext.log Destroying Spring FrameworkServlet 'appServlet'
05-Nov-2024 12:03:20.202 INFO [Thread-1] org.apache.catalina.core.ApplicationContext.log Closing Spring root WebApplicationContext
05-Nov-2024 12:03:20.216 INFO [Thread-1] org.apache.catalina.core.ApplicationContext.log SessionListener: contextDestroyed()
05-Nov-2024 12:03:20.216 INFO [Thread-1] org.apache.catalina.core.ApplicationContext.log ContextListener: contextDestroyed()
05-Nov-2024 12:03:20.223 INFO [Thread-1] org.apache.catalina.core.ApplicationContext.log Destroying Spring FrameworkServlet 'appServlet'
05-Nov-2024 12:03:20.227 INFO [Thread-1] org.apache.catalina.core.ApplicationContext.log Closing Spring root WebApplicationContext
05-Nov-2024 12:03:47.885 INFO [main] org.apache.catalina.core.ApplicationContext.log No Spring WebApplicationInitializer types detected on classpath
05-Nov-2024 12:03:47.986 INFO [main] org.apache.catalina.core.ApplicationContext.log Initializing Spring root WebApplicationContext
05-Nov-2024 12:03:49.289 INFO [main] org.apache.catalina.core.ApplicationContext.log Initializing Spring FrameworkServlet 'appServlet'
05-Nov-2024 12:03:51.364 INFO [main] org.apache.catalina.core.ApplicationContext.log No Spring WebApplicationInitializer types detected on classpath
05-Nov-2024 12:03:51.444 INFO [main] org.apache.catalina.core.ApplicationContext.log Initializing Spring root WebApplicationContext
05-Nov-2024 12:03:52.145 INFO [main] org.apache.catalina.core.ApplicationContext.log Initializing Spring FrameworkServlet 'appServlet'
05-Nov-2024 12:03:53.598 INFO [main] org.apache.catalina.core.ApplicationContext.log ContextListener: contextInitialized()
05-Nov-2024 12:03:53.599 INFO [main] org.apache.catalina.core.ApplicationContext.log SessionListener: contextInitialized()
05-Nov-2024 12:03:53.600 INFO [main] org.apache.catalina.core.ApplicationContext.log ContextListener: attributeAdded('StockTicker', 'async.Stockticker@46309fa8')
05-Nov-2024 12:04:46.552 INFO [Thread-1] org.apache.catalina.core.ApplicationContext.log Destroying Spring FrameworkServlet 'appServlet'
05-Nov-2024 12:04:46.557 INFO [Thread-1] org.apache.catalina.core.ApplicationContext.log Closing Spring root WebApplicationContext
05-Nov-2024 12:04:46.577 INFO [Thread-1] org.apache.catalina.core.ApplicationContext.log SessionListener: contextDestroyed()
05-Nov-2024 12:04:46.577 INFO [Thread-1] org.apache.catalina.core.ApplicationContext.log ContextListener: contextDestroyed()
05-Nov-2024 12:04:46.585 INFO [Thread-1] org.apache.catalina.core.ApplicationContext.log Destroying Spring FrameworkServlet 'appServlet'
05-Nov-2024 12:04:46.587 INFO [Thread-1] org.apache.catalina.core.ApplicationContext.log Closing Spring root WebApplicationContext
05-Nov-2024 13:34:54.223 INFO [main] org.apache.catalina.core.ApplicationContext.log No Spring WebApplicationInitializer types detected on classpath
05-Nov-2024 13:34:54.328 INFO [main] org.apache.catalina.core.ApplicationContext.log Initializing Spring root WebApplicationContext
05-Nov-2024 13:34:55.134 INFO [main] org.apache.catalina.core.ApplicationContext.log Initializing Spring FrameworkServlet 'appServlet'
05-Nov-2024 13:34:56.385 INFO [main] org.apache.catalina.core.ApplicationContext.log ContextListener: contextInitialized()
05-Nov-2024 13:34:56.386 INFO [main] org.apache.catalina.core.ApplicationContext.log SessionListener: contextInitialized()
05-Nov-2024 13:34:56.387 INFO [main] org.apache.catalina.core.ApplicationContext.log ContextListener: attributeAdded('StockTicker', 'async.Stockticker@7cb4d4ee')
05-Nov-2024 13:34:57.286 INFO [main] org.apache.catalina.core.ApplicationContext.log No Spring WebApplicationInitializer types detected on classpath
05-Nov-2024 13:34:57.359 INFO [main] org.apache.catalina.core.ApplicationContext.log Initializing Spring root WebApplicationContext
05-Nov-2024 13:34:57.965 INFO [main] org.apache.catalina.core.ApplicationContext.log Initializing Spring FrameworkServlet 'appServlet'
05-Nov-2024 13:36:02.522 INFO [main] org.apache.catalina.core.ApplicationContext.log No Spring WebApplicationInitializer types detected on classpath
05-Nov-2024 13:36:02.622 INFO [main] org.apache.catalina.core.ApplicationContext.log Initializing Spring root WebApplicationContext
05-Nov-2024 13:36:03.948 INFO [main] org.apache.catalina.core.ApplicationContext.log Initializing Spring FrameworkServlet 'appServlet'
05-Nov-2024 13:36:05.934 INFO [main] org.apache.catalina.core.ApplicationContext.log No Spring WebApplicationInitializer types detected on classpath
05-Nov-2024 13:36:06.000 INFO [main] org.apache.catalina.core.ApplicationContext.log Initializing Spring root WebApplicationContext
05-Nov-2024 13:36:06.647 INFO [main] org.apache.catalina.core.ApplicationContext.log Initializing Spring FrameworkServlet 'appServlet'
05-Nov-2024 13:36:07.690 INFO [main] org.apache.catalina.core.ApplicationContext.log ContextListener: contextInitialized()
05-Nov-2024 13:36:07.690 INFO [main] org.apache.catalina.core.ApplicationContext.log SessionListener: contextInitialized()
05-Nov-2024 13:36:07.691 INFO [main] org.apache.catalina.core.ApplicationContext.log ContextListener: attributeAdded('StockTicker', 'async.Stockticker@31ca510a')
05-Nov-2024 13:36:08.477 INFO [main] org.apache.catalina.core.ApplicationContext.log No Spring WebApplicationInitializer types detected on classpath
05-Nov-2024 13:36:08.539 INFO [main] org.apache.catalina.core.ApplicationContext.log Initializing Spring root WebApplicationContext
05-Nov-2024 13:36:09.167 INFO [main] org.apache.catalina.core.ApplicationContext.log Initializing Spring FrameworkServlet 'appServlet'
05-Nov-2024 13:36:11.416 INFO [main] org.apache.catalina.core.ApplicationContext.log Destroying Spring FrameworkServlet 'appServlet'
05-Nov-2024 13:36:11.419 INFO [main] org.apache.catalina.core.ApplicationContext.log Closing Spring root WebApplicationContext
05-Nov-2024 13:36:11.438 INFO [main] org.apache.catalina.core.ApplicationContext.log SessionListener: contextDestroyed()
05-Nov-2024 13:36:11.438 INFO [main] org.apache.catalina.core.ApplicationContext.log ContextListener: contextDestroyed()
05-Nov-2024 13:36:11.445 INFO [main] org.apache.catalina.core.ApplicationContext.log Destroying Spring FrameworkServlet 'appServlet'
05-Nov-2024 13:36:11.447 INFO [main] org.apache.catalina.core.ApplicationContext.log Closing Spring root WebApplicationContext
05-Nov-2024 13:36:11.460 INFO [main] org.apache.catalina.core.ApplicationContext.log Destroying Spring FrameworkServlet 'appServlet'
05-Nov-2024 13:36:11.462 INFO [main] org.apache.catalina.core.ApplicationContext.log Closing Spring root WebApplicationContext
05-Nov-2024 13:36:17.147 INFO [main] org.apache.catalina.core.ApplicationContext.log No Spring WebApplicationInitializer types detected on classpath
05-Nov-2024 13:36:17.243 INFO [main] org.apache.catalina.core.ApplicationContext.log Initializing Spring root WebApplicationContext
05-Nov-2024 13:36:18.503 INFO [main] org.apache.catalina.core.ApplicationContext.log Initializing Spring FrameworkServlet 'appServlet'
05-Nov-2024 13:36:20.437 INFO [main] org.apache.catalina.core.ApplicationContext.log No Spring WebApplicationInitializer types detected on classpath
05-Nov-2024 13:36:20.511 INFO [main] org.apache.catalina.core.ApplicationContext.log Initializing Spring root WebApplicationContext
05-Nov-2024 13:36:21.148 INFO [main] org.apache.catalina.core.ApplicationContext.log Initializing Spring FrameworkServlet 'appServlet'
05-Nov-2024 13:36:22.237 INFO [main] org.apache.catalina.core.ApplicationContext.log ContextListener: contextInitialized()
05-Nov-2024 13:36:22.237 INFO [main] org.apache.catalina.core.ApplicationContext.log SessionListener: contextInitialized()
05-Nov-2024 13:36:22.238 INFO [main] org.apache.catalina.core.ApplicationContext.log ContextListener: attributeAdded('StockTicker', 'async.Stockticker@78235b90')
05-Nov-2024 13:36:23.028 INFO [main] org.apache.catalina.core.ApplicationContext.log No Spring WebApplicationInitializer types detected on classpath
05-Nov-2024 13:36:23.094 INFO [main] org.apache.catalina.core.ApplicationContext.log Initializing Spring root WebApplicationContext
05-Nov-2024 13:36:23.719 INFO [main] org.apache.catalina.core.ApplicationContext.log Initializing Spring FrameworkServlet 'appServlet'
05-Nov-2024 13:36:26.043 INFO [main] org.apache.catalina.core.ApplicationContext.log Destroying Spring FrameworkServlet 'appServlet'
05-Nov-2024 13:36:26.046 INFO [main] org.apache.catalina.core.ApplicationContext.log Closing Spring root WebApplicationContext
05-Nov-2024 13:36:26.060 INFO [main] org.apache.catalina.core.ApplicationContext.log SessionListener: contextDestroyed()
05-Nov-2024 13:36:26.060 INFO [main] org.apache.catalina.core.ApplicationContext.log ContextListener: contextDestroyed()
05-Nov-2024 13:36:26.065 INFO [main] org.apache.catalina.core.ApplicationContext.log Destroying Spring FrameworkServlet 'appServlet'
05-Nov-2024 13:36:26.066 INFO [main] org.apache.catalina.core.ApplicationContext.log Closing Spring root WebApplicationContext
05-Nov-2024 13:36:26.078 INFO [main] org.apache.catalina.core.ApplicationContext.log Destroying Spring FrameworkServlet 'appServlet'
05-Nov-2024 13:36:26.080 INFO [main] org.apache.catalina.core.ApplicationContext.log Closing Spring root WebApplicationContext
05-Nov-2024 13:36:36.159 INFO [main] org.apache.catalina.core.ApplicationContext.log No Spring WebApplicationInitializer types detected on classpath
05-Nov-2024 13:36:36.272 INFO [main] org.apache.catalina.core.ApplicationContext.log Initializing Spring root WebApplicationContext
05-Nov-2024 13:36:37.559 INFO [main] org.apache.catalina.core.ApplicationContext.log Initializing Spring FrameworkServlet 'appServlet'
05-Nov-2024 13:36:39.463 INFO [main] org.apache.catalina.core.ApplicationContext.log No Spring WebApplicationInitializer types detected on classpath
05-Nov-2024 13:36:39.544 INFO [main] org.apache.catalina.core.ApplicationContext.log Initializing Spring root WebApplicationContext
05-Nov-2024 13:36:40.189 INFO [main] org.apache.catalina.core.ApplicationContext.log Initializing Spring FrameworkServlet 'appServlet'
05-Nov-2024 13:36:41.301 INFO [main] org.apache.catalina.core.ApplicationContext.log ContextListener: contextInitialized()
05-Nov-2024 13:36:41.302 INFO [main] org.apache.catalina.core.ApplicationContext.log SessionListener: contextInitialized()
05-Nov-2024 13:36:41.302 INFO [main] org.apache.catalina.core.ApplicationContext.log ContextListener: attributeAdded('StockTicker', 'async.Stockticker@706b68e6')
05-Nov-2024 13:36:42.048 INFO [main] org.apache.catalina.core.ApplicationContext.log No Spring WebApplicationInitializer types detected on classpath
05-Nov-2024 13:36:42.117 INFO [main] org.apache.catalina.core.ApplicationContext.log Initializing Spring root WebApplicationContext
05-Nov-2024 13:36:42.782 INFO [main] org.apache.catalina.core.ApplicationContext.log Initializing Spring FrameworkServlet 'appServlet'
05-Nov-2024 13:36:45.127 INFO [main] org.apache.catalina.core.ApplicationContext.log Destroying Spring FrameworkServlet 'appServlet'
05-Nov-2024 13:36:45.129 INFO [main] org.apache.catalina.core.ApplicationContext.log Closing Spring root WebApplicationContext
05-Nov-2024 13:36:45.142 INFO [main] org.apache.catalina.core.ApplicationContext.log SessionListener: contextDestroyed()
05-Nov-2024 13:36:45.142 INFO [main] org.apache.catalina.core.ApplicationContext.log ContextListener: contextDestroyed()
05-Nov-2024 13:36:45.147 INFO [main] org.apache.catalina.core.ApplicationContext.log Destroying Spring FrameworkServlet 'appServlet'
05-Nov-2024 13:36:45.150 INFO [main] org.apache.catalina.core.ApplicationContext.log Closing Spring root WebApplicationContext
05-Nov-2024 13:36:45.161 INFO [main] org.apache.catalina.core.ApplicationContext.log Destroying Spring FrameworkServlet 'appServlet'
05-Nov-2024 13:36:45.163 INFO [main] org.apache.catalina.core.ApplicationContext.log Closing Spring root WebApplicationContext
05-Nov-2024 13:38:48.460 INFO [main] org.apache.catalina.core.ApplicationContext.log No Spring WebApplicationInitializer types detected on classpath
05-Nov-2024 13:38:48.567 INFO [main] org.apache.catalina.core.ApplicationContext.log Initializing Spring root WebApplicationContext
05-Nov-2024 13:38:49.886 INFO [main] org.apache.catalina.core.ApplicationContext.log Initializing Spring FrameworkServlet 'appServlet'
05-Nov-2024 13:38:51.775 INFO [main] org.apache.catalina.core.ApplicationContext.log No Spring WebApplicationInitializer types detected on classpath
05-Nov-2024 13:38:51.856 INFO [main] org.apache.catalina.core.ApplicationContext.log Initializing Spring root WebApplicationContext
05-Nov-2024 13:38:52.560 INFO [main] org.apache.catalina.core.ApplicationContext.log Initializing Spring FrameworkServlet 'appServlet'
05-Nov-2024 13:38:53.631 INFO [main] org.apache.catalina.core.ApplicationContext.log ContextListener: contextInitialized()
05-Nov-2024 13:38:53.631 INFO [main] org.apache.catalina.core.ApplicationContext.log SessionListener: contextInitialized()
05-Nov-2024 13:38:53.631 INFO [main] org.apache.catalina.core.ApplicationContext.log ContextListener: attributeAdded('StockTicker', 'async.Stockticker@1f600254')
05-Nov-2024 13:38:54.362 INFO [main] org.apache.catalina.core.ApplicationContext.log No Spring WebApplicationInitializer types detected on classpath
05-Nov-2024 13:38:54.428 INFO [main] org.apache.catalina.core.ApplicationContext.log Initializing Spring root WebApplicationContext
05-Nov-2024 13:38:55.051 INFO [main] org.apache.catalina.core.ApplicationContext.log Initializing Spring FrameworkServlet 'appServlet'
05-Nov-2024 13:38:57.376 INFO [main] org.apache.catalina.core.ApplicationContext.log Destroying Spring FrameworkServlet 'appServlet'
05-Nov-2024 13:38:57.383 INFO [main] org.apache.catalina.core.ApplicationContext.log Closing Spring root WebApplicationContext
05-Nov-2024 13:38:57.396 INFO [main] org.apache.catalina.core.ApplicationContext.log SessionListener: contextDestroyed()
05-Nov-2024 13:38:57.396 INFO [main] org.apache.catalina.core.ApplicationContext.log ContextListener: contextDestroyed()
05-Nov-2024 13:38:57.401 INFO [main] org.apache.catalina.core.ApplicationContext.log Destroying Spring FrameworkServlet 'appServlet'
05-Nov-2024 13:38:57.402 INFO [main] org.apache.catalina.core.ApplicationContext.log Closing Spring root WebApplicationContext
05-Nov-2024 13:38:57.416 INFO [main] org.apache.catalina.core.ApplicationContext.log Destroying Spring FrameworkServlet 'appServlet'
05-Nov-2024 13:38:57.418 INFO [main] org.apache.catalina.core.ApplicationContext.log Closing Spring root WebApplicationContext
05-Nov-2024 13:39:39.683 INFO [main] org.apache.catalina.core.ApplicationContext.log No Spring WebApplicationInitializer types detected on classpath
05-Nov-2024 13:39:39.784 INFO [main] org.apache.catalina.core.ApplicationContext.log Initializing Spring root WebApplicationContext
05-Nov-2024 13:39:41.062 INFO [main] org.apache.catalina.core.ApplicationContext.log Initializing Spring FrameworkServlet 'appServlet'
05-Nov-2024 13:39:42.992 INFO [main] org.apache.catalina.core.ApplicationContext.log No Spring WebApplicationInitializer types detected on classpath
05-Nov-2024 13:39:43.061 INFO [main] org.apache.catalina.core.ApplicationContext.log Initializing Spring root WebApplicationContext
05-Nov-2024 13:39:43.755 INFO [main] org.apache.catalina.core.ApplicationContext.log Initializing Spring FrameworkServlet 'appServlet'
05-Nov-2024 13:39:44.857 INFO [main] org.apache.catalina.core.ApplicationContext.log ContextListener: contextInitialized()
05-Nov-2024 13:39:44.859 INFO [main] org.apache.catalina.core.ApplicationContext.log SessionListener: contextInitialized()
05-Nov-2024 13:39:44.860 INFO [main] org.apache.catalina.core.ApplicationContext.log ContextListener: attributeAdded('StockTicker', 'async.Stockticker@2c3f9229')
05-Nov-2024 13:39:45.692 INFO [main] org.apache.catalina.core.ApplicationContext.log No Spring WebApplicationInitializer types detected on classpath
05-Nov-2024 13:39:45.772 INFO [main] org.apache.catalina.core.ApplicationContext.log Initializing Spring root WebApplicationContext
05-Nov-2024 13:39:46.405 INFO [main] org.apache.catalina.core.ApplicationContext.log Initializing Spring FrameworkServlet 'appServlet'
05-Nov-2024 13:39:48.733 INFO [main] org.apache.catalina.core.ApplicationContext.log Destroying Spring FrameworkServlet 'appServlet'
05-Nov-2024 13:39:48.737 INFO [main] org.apache.catalina.core.ApplicationContext.log Closing Spring root WebApplicationContext
05-Nov-2024 13:39:48.751 INFO [main] org.apache.catalina.core.ApplicationContext.log SessionListener: contextDestroyed()
05-Nov-2024 13:39:48.751 INFO [main] org.apache.catalina.core.ApplicationContext.log ContextListener: contextDestroyed()
05-Nov-2024 13:39:48.755 INFO [main] org.apache.catalina.core.ApplicationContext.log Destroying Spring FrameworkServlet 'appServlet'
05-Nov-2024 13:39:48.757 INFO [main] org.apache.catalina.core.ApplicationContext.log Closing Spring root WebApplicationContext
05-Nov-2024 13:39:48.770 INFO [main] org.apache.catalina.core.ApplicationContext.log Destroying Spring FrameworkServlet 'appServlet'
05-Nov-2024 13:39:48.772 INFO [main] org.apache.catalina.core.ApplicationContext.log Closing Spring root WebApplicationContext
05-Nov-2024 13:41:12.242 INFO [main] org.apache.catalina.core.ApplicationContext.log No Spring WebApplicationInitializer types detected on classpath
05-Nov-2024 13:41:12.340 INFO [main] org.apache.catalina.core.ApplicationContext.log Initializing Spring root WebApplicationContext
05-Nov-2024 13:41:13.594 INFO [main] org.apache.catalina.core.ApplicationContext.log Initializing Spring FrameworkServlet 'appServlet'
05-Nov-2024 13:41:15.510 INFO [main] org.apache.catalina.core.ApplicationContext.log No Spring WebApplicationInitializer types detected on classpath
05-Nov-2024 13:41:15.576 INFO [main] org.apache.catalina.core.ApplicationContext.log Initializing Spring root WebApplicationContext
05-Nov-2024 13:41:16.189 INFO [main] org.apache.catalina.core.ApplicationContext.log Initializing Spring FrameworkServlet 'appServlet'
05-Nov-2024 13:41:17.285 INFO [main] org.apache.catalina.core.ApplicationContext.log ContextListener: contextInitialized()
05-Nov-2024 13:41:17.286 INFO [main] org.apache.catalina.core.ApplicationContext.log SessionListener: contextInitialized()
05-Nov-2024 13:41:17.287 INFO [main] org.apache.catalina.core.ApplicationContext.log ContextListener: attributeAdded('StockTicker', 'async.Stockticker@14cd9288')
05-Nov-2024 13:41:18.060 INFO [main] org.apache.catalina.core.ApplicationContext.log No Spring WebApplicationInitializer types detected on classpath
05-Nov-2024 13:41:18.128 INFO [main] org.apache.catalina.core.ApplicationContext.log Initializing Spring root WebApplicationContext
05-Nov-2024 13:41:18.767 INFO [main] org.apache.catalina.core.ApplicationContext.log Initializing Spring FrameworkServlet 'appServlet'
05-Nov-2024 13:41:21.186 INFO [main] org.apache.catalina.core.ApplicationContext.log Destroying Spring FrameworkServlet 'appServlet'
05-Nov-2024 13:41:21.188 INFO [main] org.apache.catalina.core.ApplicationContext.log Closing Spring root WebApplicationContext
05-Nov-2024 13:41:21.201 INFO [main] org.apache.catalina.core.ApplicationContext.log SessionListener: contextDestroyed()
05-Nov-2024 13:41:21.201 INFO [main] org.apache.catalina.core.ApplicationContext.log ContextListener: contextDestroyed()
05-Nov-2024 13:41:21.205 INFO [main] org.apache.catalina.core.ApplicationContext.log Destroying Spring FrameworkServlet 'appServlet'
05-Nov-2024 13:41:21.207 INFO [main] org.apache.catalina.core.ApplicationContext.log Closing Spring root WebApplicationContext
05-Nov-2024 13:41:21.219 INFO [main] org.apache.catalina.core.ApplicationContext.log Destroying Spring FrameworkServlet 'appServlet'
05-Nov-2024 13:41:21.221 INFO [main] org.apache.catalina.core.ApplicationContext.log Closing Spring root WebApplicationContext
05-Nov-2024 14:12:20.414 INFO [main] org.apache.catalina.core.ApplicationContext.log No Spring WebApplicationInitializer types detected on classpath
05-Nov-2024 14:12:20.511 INFO [main] org.apache.catalina.core.ApplicationContext.log Initializing Spring root WebApplicationContext
05-Nov-2024 14:12:21.955 INFO [main] org.apache.catalina.core.ApplicationContext.log Initializing Spring FrameworkServlet 'appServlet'
05-Nov-2024 14:12:23.951 INFO [main] org.apache.catalina.core.ApplicationContext.log No Spring WebApplicationInitializer types detected on classpath
05-Nov-2024 14:12:24.018 INFO [main] org.apache.catalina.core.ApplicationContext.log Initializing Spring root WebApplicationContext
05-Nov-2024 14:12:24.641 INFO [main] org.apache.catalina.core.ApplicationContext.log Initializing Spring FrameworkServlet 'appServlet'
05-Nov-2024 14:12:25.708 INFO [main] org.apache.catalina.core.ApplicationContext.log ContextListener: contextInitialized()
05-Nov-2024 14:12:25.708 INFO [main] org.apache.catalina.core.ApplicationContext.log SessionListener: contextInitialized()
05-Nov-2024 14:12:25.709 INFO [main] org.apache.catalina.core.ApplicationContext.log ContextListener: attributeAdded('StockTicker', 'async.Stockticker@4f8ad451')
05-Nov-2024 14:12:26.462 INFO [main] org.apache.catalina.core.ApplicationContext.log No Spring WebApplicationInitializer types detected on classpath
05-Nov-2024 14:12:26.539 INFO [main] org.apache.catalina.core.ApplicationContext.log Initializing Spring root WebApplicationContext
05-Nov-2024 14:12:27.184 INFO [main] org.apache.catalina.core.ApplicationContext.log Initializing Spring FrameworkServlet 'appServlet'
05-Nov-2024 14:29:10.174 INFO [main] org.apache.catalina.core.ApplicationContext.log No Spring WebApplicationInitializer types detected on classpath
05-Nov-2024 14:29:10.275 INFO [main] org.apache.catalina.core.ApplicationContext.log Initializing Spring root WebApplicationContext
05-Nov-2024 14:29:11.552 INFO [main] org.apache.catalina.core.ApplicationContext.log Initializing Spring FrameworkServlet 'appServlet'
05-Nov-2024 14:29:13.321 INFO [main] org.apache.catalina.core.ApplicationContext.log No Spring WebApplicationInitializer types detected on classpath
05-Nov-2024 14:29:13.385 INFO [main] org.apache.catalina.core.ApplicationContext.log Initializing Spring root WebApplicationContext
05-Nov-2024 14:29:13.953 INFO [main] org.apache.catalina.core.ApplicationContext.log Initializing Spring FrameworkServlet 'appServlet'
05-Nov-2024 14:29:15.144 INFO [main] org.apache.catalina.core.ApplicationContext.log ContextListener: contextInitialized()
05-Nov-2024 14:29:15.144 INFO [main] org.apache.catalina.core.ApplicationContext.log SessionListener: contextInitialized()
05-Nov-2024 14:29:15.145 INFO [main] org.apache.catalina.core.ApplicationContext.log ContextListener: attributeAdded('StockTicker', 'async.Stockticker@525aae0c')
05-Nov-2024 14:29:16.483 INFO [main] org.apache.catalina.core.ApplicationContext.log No Spring WebApplicationInitializer types detected on classpath
05-Nov-2024 14:29:16.550 INFO [main] org.apache.catalina.core.ApplicationContext.log Initializing Spring root WebApplicationContext
05-Nov-2024 14:29:17.089 INFO [main] org.apache.catalina.core.ApplicationContext.log Initializing Spring FrameworkServlet 'appServlet'
05-Nov-2024 14:46:19.490 INFO [main] org.apache.catalina.core.ApplicationContext.log No Spring WebApplicationInitializer types detected on classpath
05-Nov-2024 14:46:19.577 INFO [main] org.apache.catalina.core.ApplicationContext.log Initializing Spring root WebApplicationContext
05-Nov-2024 14:46:20.814 INFO [main] org.apache.catalina.core.ApplicationContext.log Initializing Spring FrameworkServlet 'appServlet'
05-Nov-2024 14:46:22.536 INFO [main] org.apache.catalina.core.ApplicationContext.log No Spring WebApplicationInitializer types detected on classpath
05-Nov-2024 14:46:22.592 INFO [main] org.apache.catalina.core.ApplicationContext.log Initializing Spring root WebApplicationContext
05-Nov-2024 14:46:23.155 INFO [main] org.apache.catalina.core.ApplicationContext.log Initializing Spring FrameworkServlet 'appServlet'
05-Nov-2024 14:46:24.183 INFO [main] org.apache.catalina.core.ApplicationContext.log ContextListener: contextInitialized()
05-Nov-2024 14:46:24.183 INFO [main] org.apache.catalina.core.ApplicationContext.log SessionListener: contextInitialized()
05-Nov-2024 14:46:24.184 INFO [main] org.apache.catalina.core.ApplicationContext.log ContextListener: attributeAdded('StockTicker', 'async.Stockticker@33260ecd')
05-Nov-2024 14:46:24.866 INFO [main] org.apache.catalina.core.ApplicationContext.log No Spring WebApplicationInitializer types detected on classpath
05-Nov-2024 14:46:24.921 INFO [main] org.apache.catalina.core.ApplicationContext.log Initializing Spring root WebApplicationContext
05-Nov-2024 14:46:25.491 INFO [main] org.apache.catalina.core.ApplicationContext.log Initializing Spring FrameworkServlet 'appServlet'
05-Nov-2024 14:51:17.472 INFO [main] org.apache.catalina.core.ApplicationContext.log No Spring WebApplicationInitializer types detected on classpath
05-Nov-2024 14:51:17.567 INFO [main] org.apache.catalina.core.ApplicationContext.log Initializing Spring root WebApplicationContext
05-Nov-2024 14:51:18.770 INFO [main] org.apache.catalina.core.ApplicationContext.log Initializing Spring FrameworkServlet 'appServlet'
05-Nov-2024 14:51:20.674 INFO [main] org.apache.catalina.core.ApplicationContext.log No Spring WebApplicationInitializer types detected on classpath
05-Nov-2024 14:51:20.737 INFO [main] org.apache.catalina.core.ApplicationContext.log Initializing Spring root WebApplicationContext
05-Nov-2024 14:51:21.318 INFO [main] org.apache.catalina.core.ApplicationContext.log Initializing Spring FrameworkServlet 'appServlet'
05-Nov-2024 14:51:22.290 INFO [main] org.apache.catalina.core.ApplicationContext.log ContextListener: contextInitialized()
05-Nov-2024 14:51:22.290 INFO [main] org.apache.catalina.core.ApplicationContext.log SessionListener: contextInitialized()
05-Nov-2024 14:51:22.291 INFO [main] org.apache.catalina.core.ApplicationContext.log ContextListener: attributeAdded('StockTicker', 'async.Stockticker@5fdd9b96')
05-Nov-2024 14:51:22.965 INFO [main] org.apache.catalina.core.ApplicationContext.log No Spring WebApplicationInitializer types detected on classpath
05-Nov-2024 14:51:23.020 INFO [main] org.apache.catalina.core.ApplicationContext.log Initializing Spring root WebApplicationContext
05-Nov-2024 14:51:23.630 INFO [main] org.apache.catalina.core.ApplicationContext.log Initializing Spring FrameworkServlet 'appServlet'
05-Nov-2024 15:05:20.897 INFO [main] org.apache.catalina.core.ApplicationContext.log No Spring WebApplicationInitializer types detected on classpath
05-Nov-2024 15:05:20.986 INFO [main] org.apache.catalina.core.ApplicationContext.log Initializing Spring root WebApplicationContext
05-Nov-2024 15:05:22.203 INFO [main] org.apache.catalina.core.ApplicationContext.log Initializing Spring FrameworkServlet 'appServlet'
05-Nov-2024 15:05:24.087 INFO [main] org.apache.catalina.core.ApplicationContext.log No Spring WebApplicationInitializer types detected on classpath
05-Nov-2024 15:05:24.161 INFO [main] org.apache.catalina.core.ApplicationContext.log Initializing Spring root WebApplicationContext
05-Nov-2024 15:05:24.857 INFO [main] org.apache.catalina.core.ApplicationContext.log Initializing Spring FrameworkServlet 'appServlet'
05-Nov-2024 15:05:26.008 INFO [main] org.apache.catalina.core.ApplicationContext.log ContextListener: contextInitialized()
05-Nov-2024 15:05:26.008 INFO [main] org.apache.catalina.core.ApplicationContext.log SessionListener: contextInitialized()
05-Nov-2024 15:05:26.009 INFO [main] org.apache.catalina.core.ApplicationContext.log ContextListener: attributeAdded('StockTicker', 'async.Stockticker@49c15ad2')
05-Nov-2024 15:05:26.711 INFO [main] org.apache.catalina.core.ApplicationContext.log No Spring WebApplicationInitializer types detected on classpath
05-Nov-2024 15:05:26.771 INFO [main] org.apache.catalina.core.ApplicationContext.log Initializing Spring root WebApplicationContext
05-Nov-2024 15:05:27.378 INFO [main] org.apache.catalina.core.ApplicationContext.log Initializing Spring FrameworkServlet 'appServlet'
05-Nov-2024 15:06:09.480 SEVERE [http-nio-80-exec-1] org.apache.catalina.core.StandardWrapperValve.invoke 경로 []의 컨텍스트 내의 서블릿 [appServlet]을(를) 위한 Servlet.service() 호출이, 근본 원인(root cause)과 함께, 예외 [Request processing failed; nested exception is org.springframework.jdbc.BadSqlGrammarException: 
### Error querying database.  Cause: java.sql.SQLSyntaxErrorException: ORA-00942: table or view does not exist

### The error may involve mapper.goods.selectGoodsList-Inline
### The error occurred while setting parameters
### Cause: java.sql.SQLSyntaxErrorException: ORA-00942: table or view does not exist

; bad SQL grammar []; nested exception is java.sql.SQLSyntaxErrorException: ORA-00942: table or view does not exist
]을(를) 발생시켰습니다.
	java.sql.SQLSyntaxErrorException: ORA-00942: table or view does not exist

		at oracle.jdbc.driver.T4CTTIoer.processError(T4CTTIoer.java:450)
		at oracle.jdbc.driver.T4CTTIoer.processError(T4CTTIoer.java:399)
		at oracle.jdbc.driver.T4C8Oall.processError(T4C8Oall.java:1059)
		at oracle.jdbc.driver.T4CTTIfun.receive(T4CTTIfun.java:522)
		at oracle.jdbc.driver.T4CTTIfun.doRPC(T4CTTIfun.java:257)
		at oracle.jdbc.driver.T4C8Oall.doOALL(T4C8Oall.java:587)
		at oracle.jdbc.driver.T4CPreparedStatement.doOall8(T4CPreparedStatement.java:225)
		at oracle.jdbc.driver.T4CPreparedStatement.doOall8(T4CPreparedStatement.java:53)
		at oracle.jdbc.driver.T4CPreparedStatement.executeForDescribe(T4CPreparedStatement.java:774)
		at oracle.jdbc.driver.OracleStatement.executeMaybeDescribe(OracleStatement.java:925)
		at oracle.jdbc.driver.OracleStatement.doExecuteWithTimeout(OracleStatement.java:1111)
		at oracle.jdbc.driver.OraclePreparedStatement.executeInternal(OraclePreparedStatement.java:4798)
		at oracle.jdbc.driver.OraclePreparedStatement.execute(OraclePreparedStatement.java:4901)
		at oracle.jdbc.driver.OraclePreparedStatementWrapper.execute(OraclePreparedStatementWrapper.java:1385)
		at java.base/jdk.internal.reflect.NativeMethodAccessorImpl.invoke0(Native Method)
		at java.base/jdk.internal.reflect.NativeMethodAccessorImpl.invoke(NativeMethodAccessorImpl.java:62)
		at java.base/jdk.internal.reflect.DelegatingMethodAccessorImpl.invoke(DelegatingMethodAccessorImpl.java:43)
		at java.base/java.lang.reflect.Method.invoke(Method.java:566)
		at org.apache.ibatis.logging.jdbc.PreparedStatementLogger.invoke(PreparedStatementLogger.java:58)
		at com.sun.proxy.$Proxy116.execute(Unknown Source)
		at org.apache.ibatis.executor.statement.PreparedStatementHandler.query(PreparedStatementHandler.java:57)
		at org.apache.ibatis.executor.statement.RoutingStatementHandler.query(RoutingStatementHandler.java:70)
		at org.apache.ibatis.executor.SimpleExecutor.doQuery(SimpleExecutor.java:57)
		at org.apache.ibatis.executor.BaseExecutor.queryFromDatabase(BaseExecutor.java:267)
		at org.apache.ibatis.executor.BaseExecutor.query(BaseExecutor.java:141)
		at org.apache.ibatis.executor.CachingExecutor.query(CachingExecutor.java:98)
		at org.apache.ibatis.executor.CachingExecutor.query(CachingExecutor.java:73)
		at org.apache.ibatis.session.defaults.DefaultSqlSession.selectList(DefaultSqlSession.java:101)
		at org.apache.ibatis.session.defaults.DefaultSqlSession.selectList(DefaultSqlSession.java:95)
		at java.base/jdk.internal.reflect.NativeMethodAccessorImpl.invoke0(Native Method)
		at java.base/jdk.internal.reflect.NativeMethodAccessorImpl.invoke(NativeMethodAccessorImpl.java:62)
		at java.base/jdk.internal.reflect.DelegatingMethodAccessorImpl.invoke(DelegatingMethodAccessorImpl.java:43)
		at java.base/java.lang.reflect.Method.invoke(Method.java:566)
		at org.mybatis.spring.SqlSessionTemplate$SqlSessionInterceptor.invoke(SqlSessionTemplate.java:355)
		at com.sun.proxy.$Proxy8.selectList(Unknown Source)
		at org.mybatis.spring.SqlSessionTemplate.selectList(SqlSessionTemplate.java:195)
		at com.bookshop01.goods.dao.GoodsDAOImpl.selectGoodsList(GoodsDAOImpl.java:21)
		at java.base/jdk.internal.reflect.NativeMethodAccessorImpl.invoke0(Native Method)
		at java.base/jdk.internal.reflect.NativeMethodAccessorImpl.invoke(NativeMethodAccessorImpl.java:62)
		at java.base/jdk.internal.reflect.DelegatingMethodAccessorImpl.invoke(DelegatingMethodAccessorImpl.java:43)
		at java.base/java.lang.reflect.Method.invoke(Method.java:566)
		at org.springframework.aop.support.AopUtils.invokeJoinpointUsingReflection(AopUtils.java:317)
		at org.springframework.aop.framework.ReflectiveMethodInvocation.invokeJoinpoint(ReflectiveMethodInvocation.java:190)
		at org.springframework.aop.framework.ReflectiveMethodInvocation.proceed(ReflectiveMethodInvocation.java:157)
		at org.springframework.aop.framework.adapter.MethodBeforeAdviceInterceptor.invoke(MethodBeforeAdviceInterceptor.java:52)
		at org.springframework.aop.framework.ReflectiveMethodInvocation.proceed(ReflectiveMethodInvocation.java:179)
		at org.springframework.aop.aspectj.MethodInvocationProceedingJoinPoint.proceed(MethodInvocationProceedingJoinPoint.java:85)
		at com.bookshop01.common.log.LoggingAdvice.timeLog(LoggingAdvice.java:77)
		at java.base/jdk.internal.reflect.NativeMethodAccessorImpl.invoke0(Native Method)
		at java.base/jdk.internal.reflect.NativeMethodAccessorImpl.invoke(NativeMethodAccessorImpl.java:62)
		at java.base/jdk.internal.reflect.DelegatingMethodAccessorImpl.invoke(DelegatingMethodAccessorImpl.java:43)
		at java.base/java.lang.reflect.Method.invoke(Method.java:566)
		at org.springframework.aop.aspectj.AbstractAspectJAdvice.invokeAdviceMethodWithGivenArgs(AbstractAspectJAdvice.java:621)
		at org.springframework.aop.aspectj.AbstractAspectJAdvice.invokeAdviceMethod(AbstractAspectJAdvice.java:610)
		at org.springframework.aop.aspectj.AspectJAroundAdvice.invoke(AspectJAroundAdvice.java:68)
		at org.springframework.aop.framework.ReflectiveMethodInvocation.proceed(ReflectiveMethodInvocation.java:179)
		at org.springframework.aop.interceptor.ExposeInvocationInterceptor.invoke(ExposeInvocationInterceptor.java:92)
		at org.springframework.aop.framework.ReflectiveMethodInvocation.proceed(ReflectiveMethodInvocation.java:179)
		at org.springframework.aop.framework.JdkDynamicAopProxy.invoke(JdkDynamicAopProxy.java:207)
		at com.sun.proxy.$Proxy35.selectGoodsList(Unknown Source)
		at com.bookshop01.goods.service.GoodsServiceImpl.listGoods(GoodsServiceImpl.java:24)
		at java.base/jdk.internal.reflect.NativeMethodAccessorImpl.invoke0(Native Method)
		at java.base/jdk.internal.reflect.NativeMethodAccessorImpl.invoke(NativeMethodAccessorImpl.java:62)
		at java.base/jdk.internal.reflect.DelegatingMethodAccessorImpl.invoke(DelegatingMethodAccessorImpl.java:43)
		at java.base/java.lang.reflect.Method.invoke(Method.java:566)
		at org.springframework.aop.support.AopUtils.invokeJoinpointUsingReflection(AopUtils.java:317)
		at org.springframework.aop.framework.ReflectiveMethodInvocation.invokeJoinpoint(ReflectiveMethodInvocation.java:190)
		at org.springframework.aop.framework.ReflectiveMethodInvocation.proceed(ReflectiveMethodInvocation.java:157)
		at org.springframework.aop.framework.adapter.MethodBeforeAdviceInterceptor.invoke(MethodBeforeAdviceInterceptor.java:52)
		at org.springframework.aop.framework.ReflectiveMethodInvocation.proceed(ReflectiveMethodInvocation.java:179)
		at org.springframework.aop.aspectj.MethodInvocationProceedingJoinPoint.proceed(MethodInvocationProceedingJoinPoint.java:85)
		at com.bookshop01.common.log.LoggingAdvice.timeLog(LoggingAdvice.java:77)
		at java.base/jdk.internal.reflect.NativeMethodAccessorImpl.invoke0(Native Method)
		at java.base/jdk.internal.reflect.NativeMethodAccessorImpl.invoke(NativeMethodAccessorImpl.java:62)
		at java.base/jdk.internal.reflect.DelegatingMethodAccessorImpl.invoke(DelegatingMethodAccessorImpl.java:43)
		at java.base/java.lang.reflect.Method.invoke(Method.java:566)
		at org.springframework.aop.aspectj.AbstractAspectJAdvice.invokeAdviceMethodWithGivenArgs(AbstractAspectJAdvice.java:621)
		at org.springframework.aop.aspectj.AbstractAspectJAdvice.invokeAdviceMethod(AbstractAspectJAdvice.java:610)
		at org.springframework.aop.aspectj.AspectJAroundAdvice.invoke(AspectJAroundAdvice.java:68)
		at org.springframework.aop.framework.ReflectiveMethodInvocation.proceed(ReflectiveMethodInvocation.java:179)
		at org.springframework.aop.aspectj.AspectJAfterAdvice.invoke(AspectJAfterAdvice.java:43)
		at org.springframework.aop.framework.ReflectiveMethodInvocation.proceed(ReflectiveMethodInvocation.java:179)
		at org.springframework.aop.interceptor.ExposeInvocationInterceptor.invoke(ExposeInvocationInterceptor.java:92)
		at org.springframework.aop.framework.ReflectiveMethodInvocation.proceed(ReflectiveMethodInvocation.java:179)
		at org.springframework.aop.framework.JdkDynamicAopProxy.invoke(JdkDynamicAopProxy.java:207)
		at com.sun.proxy.$Proxy36.listGoods(Unknown Source)
		at com.bookshop01.main.MainController.main(MainController.java:36)
		at java.base/jdk.internal.reflect.NativeMethodAccessorImpl.invoke0(Native Method)
		at java.base/jdk.internal.reflect.NativeMethodAccessorImpl.invoke(NativeMethodAccessorImpl.java:62)
		at java.base/jdk.internal.reflect.DelegatingMethodAccessorImpl.invoke(DelegatingMethodAccessorImpl.java:43)
		at java.base/java.lang.reflect.Method.invoke(Method.java:566)
		at org.springframework.web.method.support.InvocableHandlerMethod.invoke(InvocableHandlerMethod.java:215)
		at org.springframework.web.method.support.InvocableHandlerMethod.invokeForRequest(InvocableHandlerMethod.java:132)
		at org.springframework.web.servlet.mvc.method.annotation.ServletInvocableHandlerMethod.invokeAndHandle(ServletInvocableHandlerMethod.java:104)
		at org.springframework.web.servlet.mvc.method.annotation.RequestMappingHandlerAdapter.invokeHandleMethod(RequestMappingHandlerAdapter.java:781)
		at org.springframework.web.servlet.mvc.method.annotation.RequestMappingHandlerAdapter.handleInternal(RequestMappingHandlerAdapter.java:721)
		at org.springframework.web.servlet.mvc.method.AbstractHandlerMethodAdapter.handle(AbstractHandlerMethodAdapter.java:83)
		at org.springframework.web.servlet.DispatcherServlet.doDispatch(DispatcherServlet.java:943)
		at org.springframework.web.servlet.DispatcherServlet.doService(DispatcherServlet.java:877)
		at org.springframework.web.servlet.FrameworkServlet.processRequest(FrameworkServlet.java:966)
		at org.springframework.web.servlet.FrameworkServlet.doGet(FrameworkServlet.java:857)
		at javax.servlet.http.HttpServlet.service(HttpServlet.java:529)
		at org.springframework.web.servlet.FrameworkServlet.service(FrameworkServlet.java:842)
		at javax.servlet.http.HttpServlet.service(HttpServlet.java:623)
		at org.apache.catalina.core.ApplicationFilterChain.internalDoFilter(ApplicationFilterChain.java:199)
		at org.apache.catalina.core.ApplicationFilterChain.doFilter(ApplicationFilterChain.java:144)
		at org.apache.tomcat.websocket.server.WsFilter.doFilter(WsFilter.java:51)
		at org.apache.catalina.core.ApplicationFilterChain.internalDoFilter(ApplicationFilterChain.java:168)
		at org.apache.catalina.core.ApplicationFilterChain.doFilter(ApplicationFilterChain.java:144)
		at org.springframework.web.filter.CharacterEncodingFilter.doFilterInternal(CharacterEncodingFilter.java:88)
		at org.springframework.web.filter.OncePerRequestFilter.doFilter(OncePerRequestFilter.java:107)
		at org.apache.catalina.core.ApplicationFilterChain.internalDoFilter(ApplicationFilterChain.java:168)
		at org.apache.catalina.core.ApplicationFilterChain.doFilter(ApplicationFilterChain.java:144)
		at org.apache.catalina.core.StandardWrapperValve.invoke(StandardWrapperValve.java:168)
		at org.apache.catalina.core.StandardContextValve.invoke(StandardContextValve.java:90)
		at org.apache.catalina.authenticator.AuthenticatorBase.invoke(AuthenticatorBase.java:482)
		at org.apache.catalina.core.StandardHostValve.invoke(StandardHostValve.java:130)
		at org.apache.catalina.valves.ErrorReportValve.invoke(ErrorReportValve.java:93)
		at org.apache.catalina.valves.AbstractAccessLogValve.invoke(AbstractAccessLogValve.java:660)
		at org.apache.catalina.core.StandardEngineValve.invoke(StandardEngineValve.java:74)
		at org.apache.catalina.connector.CoyoteAdapter.service(CoyoteAdapter.java:346)
		at org.apache.coyote.http11.Http11Processor.service(Http11Processor.java:383)
		at org.apache.coyote.AbstractProcessorLight.process(AbstractProcessorLight.java:63)
		at org.apache.coyote.AbstractProtocol$ConnectionHandler.process(AbstractProtocol.java:937)
		at org.apache.tomcat.util.net.NioEndpoint$SocketProcessor.doRun(NioEndpoint.java:1791)
		at org.apache.tomcat.util.net.SocketProcessorBase.run(SocketProcessorBase.java:52)
		at org.apache.tomcat.util.threads.ThreadPoolExecutor.runWorker(ThreadPoolExecutor.java:1190)
		at org.apache.tomcat.util.threads.ThreadPoolExecutor$Worker.run(ThreadPoolExecutor.java:659)
		at org.apache.tomcat.util.threads.TaskThread$WrappingRunnable.run(TaskThread.java:63)
		at java.base/java.lang.Thread.run(Thread.java:834)
05-Nov-2024 15:06:14.504 SEVERE [http-nio-80-exec-3] org.apache.catalina.core.StandardWrapperValve.invoke 경로 []의 컨텍스트 내의 서블릿 [appServlet]을(를) 위한 Servlet.service() 호출이, 근본 원인(root cause)과 함께, 예외 [Request processing failed; nested exception is org.springframework.jdbc.BadSqlGrammarException: 
### Error querying database.  Cause: java.sql.SQLSyntaxErrorException: ORA-00942: table or view does not exist

### The error may involve mapper.goods.selectGoodsList-Inline
### The error occurred while setting parameters
### Cause: java.sql.SQLSyntaxErrorException: ORA-00942: table or view does not exist

; bad SQL grammar []; nested exception is java.sql.SQLSyntaxErrorException: ORA-00942: table or view does not exist
]을(를) 발생시켰습니다.
	java.sql.SQLSyntaxErrorException: ORA-00942: table or view does not exist

		at oracle.jdbc.driver.T4CTTIoer.processError(T4CTTIoer.java:450)
		at oracle.jdbc.driver.T4CTTIoer.processError(T4CTTIoer.java:399)
		at oracle.jdbc.driver.T4C8Oall.processError(T4C8Oall.java:1059)
		at oracle.jdbc.driver.T4CTTIfun.receive(T4CTTIfun.java:522)
		at oracle.jdbc.driver.T4CTTIfun.doRPC(T4CTTIfun.java:257)
		at oracle.jdbc.driver.T4C8Oall.doOALL(T4C8Oall.java:587)
		at oracle.jdbc.driver.T4CPreparedStatement.doOall8(T4CPreparedStatement.java:225)
		at oracle.jdbc.driver.T4CPreparedStatement.doOall8(T4CPreparedStatement.java:53)
		at oracle.jdbc.driver.T4CPreparedStatement.executeForDescribe(T4CPreparedStatement.java:774)
		at oracle.jdbc.driver.OracleStatement.executeMaybeDescribe(OracleStatement.java:925)
		at oracle.jdbc.driver.OracleStatement.doExecuteWithTimeout(OracleStatement.java:1111)
		at oracle.jdbc.driver.OraclePreparedStatement.executeInternal(OraclePreparedStatement.java:4798)
		at oracle.jdbc.driver.OraclePreparedStatement.execute(OraclePreparedStatement.java:4901)
		at oracle.jdbc.driver.OraclePreparedStatementWrapper.execute(OraclePreparedStatementWrapper.java:1385)
		at java.base/jdk.internal.reflect.NativeMethodAccessorImpl.invoke0(Native Method)
		at java.base/jdk.internal.reflect.NativeMethodAccessorImpl.invoke(NativeMethodAccessorImpl.java:62)
		at java.base/jdk.internal.reflect.DelegatingMethodAccessorImpl.invoke(DelegatingMethodAccessorImpl.java:43)
		at java.base/java.lang.reflect.Method.invoke(Method.java:566)
		at org.apache.ibatis.logging.jdbc.PreparedStatementLogger.invoke(PreparedStatementLogger.java:58)
		at com.sun.proxy.$Proxy116.execute(Unknown Source)
		at org.apache.ibatis.executor.statement.PreparedStatementHandler.query(PreparedStatementHandler.java:57)
		at org.apache.ibatis.executor.statement.RoutingStatementHandler.query(RoutingStatementHandler.java:70)
		at org.apache.ibatis.executor.SimpleExecutor.doQuery(SimpleExecutor.java:57)
		at org.apache.ibatis.executor.BaseExecutor.queryFromDatabase(BaseExecutor.java:267)
		at org.apache.ibatis.executor.BaseExecutor.query(BaseExecutor.java:141)
		at org.apache.ibatis.executor.CachingExecutor.query(CachingExecutor.java:98)
		at org.apache.ibatis.executor.CachingExecutor.query(CachingExecutor.java:73)
		at org.apache.ibatis.session.defaults.DefaultSqlSession.selectList(DefaultSqlSession.java:101)
		at org.apache.ibatis.session.defaults.DefaultSqlSession.selectList(DefaultSqlSession.java:95)
		at java.base/jdk.internal.reflect.NativeMethodAccessorImpl.invoke0(Native Method)
		at java.base/jdk.internal.reflect.NativeMethodAccessorImpl.invoke(NativeMethodAccessorImpl.java:62)
		at java.base/jdk.internal.reflect.DelegatingMethodAccessorImpl.invoke(DelegatingMethodAccessorImpl.java:43)
		at java.base/java.lang.reflect.Method.invoke(Method.java:566)
		at org.mybatis.spring.SqlSessionTemplate$SqlSessionInterceptor.invoke(SqlSessionTemplate.java:355)
		at com.sun.proxy.$Proxy8.selectList(Unknown Source)
		at org.mybatis.spring.SqlSessionTemplate.selectList(SqlSessionTemplate.java:195)
		at com.bookshop01.goods.dao.GoodsDAOImpl.selectGoodsList(GoodsDAOImpl.java:21)
		at java.base/jdk.internal.reflect.NativeMethodAccessorImpl.invoke0(Native Method)
		at java.base/jdk.internal.reflect.NativeMethodAccessorImpl.invoke(NativeMethodAccessorImpl.java:62)
		at java.base/jdk.internal.reflect.DelegatingMethodAccessorImpl.invoke(DelegatingMethodAccessorImpl.java:43)
		at java.base/java.lang.reflect.Method.invoke(Method.java:566)
		at org.springframework.aop.support.AopUtils.invokeJoinpointUsingReflection(AopUtils.java:317)
		at org.springframework.aop.framework.ReflectiveMethodInvocation.invokeJoinpoint(ReflectiveMethodInvocation.java:190)
		at org.springframework.aop.framework.ReflectiveMethodInvocation.proceed(ReflectiveMethodInvocation.java:157)
		at org.springframework.aop.framework.adapter.MethodBeforeAdviceInterceptor.invoke(MethodBeforeAdviceInterceptor.java:52)
		at org.springframework.aop.framework.ReflectiveMethodInvocation.proceed(ReflectiveMethodInvocation.java:179)
		at org.springframework.aop.aspectj.MethodInvocationProceedingJoinPoint.proceed(MethodInvocationProceedingJoinPoint.java:85)
		at com.bookshop01.common.log.LoggingAdvice.timeLog(LoggingAdvice.java:77)
		at java.base/jdk.internal.reflect.NativeMethodAccessorImpl.invoke0(Native Method)
		at java.base/jdk.internal.reflect.NativeMethodAccessorImpl.invoke(NativeMethodAccessorImpl.java:62)
		at java.base/jdk.internal.reflect.DelegatingMethodAccessorImpl.invoke(DelegatingMethodAccessorImpl.java:43)
		at java.base/java.lang.reflect.Method.invoke(Method.java:566)
		at org.springframework.aop.aspectj.AbstractAspectJAdvice.invokeAdviceMethodWithGivenArgs(AbstractAspectJAdvice.java:621)
		at org.springframework.aop.aspectj.AbstractAspectJAdvice.invokeAdviceMethod(AbstractAspectJAdvice.java:610)
		at org.springframework.aop.aspectj.AspectJAroundAdvice.invoke(AspectJAroundAdvice.java:68)
		at org.springframework.aop.framework.ReflectiveMethodInvocation.proceed(ReflectiveMethodInvocation.java:179)
		at org.springframework.aop.interceptor.ExposeInvocationInterceptor.invoke(ExposeInvocationInterceptor.java:92)
		at org.springframework.aop.framework.ReflectiveMethodInvocation.proceed(ReflectiveMethodInvocation.java:179)
		at org.springframework.aop.framework.JdkDynamicAopProxy.invoke(JdkDynamicAopProxy.java:207)
		at com.sun.proxy.$Proxy35.selectGoodsList(Unknown Source)
		at com.bookshop01.goods.service.GoodsServiceImpl.listGoods(GoodsServiceImpl.java:24)
		at java.base/jdk.internal.reflect.NativeMethodAccessorImpl.invoke0(Native Method)
		at java.base/jdk.internal.reflect.NativeMethodAccessorImpl.invoke(NativeMethodAccessorImpl.java:62)
		at java.base/jdk.internal.reflect.DelegatingMethodAccessorImpl.invoke(DelegatingMethodAccessorImpl.java:43)
		at java.base/java.lang.reflect.Method.invoke(Method.java:566)
		at org.springframework.aop.support.AopUtils.invokeJoinpointUsingReflection(AopUtils.java:317)
		at org.springframework.aop.framework.ReflectiveMethodInvocation.invokeJoinpoint(ReflectiveMethodInvocation.java:190)
		at org.springframework.aop.framework.ReflectiveMethodInvocation.proceed(ReflectiveMethodInvocation.java:157)
		at org.springframework.aop.framework.adapter.MethodBeforeAdviceInterceptor.invoke(MethodBeforeAdviceInterceptor.java:52)
		at org.springframework.aop.framework.ReflectiveMethodInvocation.proceed(ReflectiveMethodInvocation.java:179)
		at org.springframework.aop.aspectj.MethodInvocationProceedingJoinPoint.proceed(MethodInvocationProceedingJoinPoint.java:85)
		at com.bookshop01.common.log.LoggingAdvice.timeLog(LoggingAdvice.java:77)
		at java.base/jdk.internal.reflect.NativeMethodAccessorImpl.invoke0(Native Method)
		at java.base/jdk.internal.reflect.NativeMethodAccessorImpl.invoke(NativeMethodAccessorImpl.java:62)
		at java.base/jdk.internal.reflect.DelegatingMethodAccessorImpl.invoke(DelegatingMethodAccessorImpl.java:43)
		at java.base/java.lang.reflect.Method.invoke(Method.java:566)
		at org.springframework.aop.aspectj.AbstractAspectJAdvice.invokeAdviceMethodWithGivenArgs(AbstractAspectJAdvice.java:621)
		at org.springframework.aop.aspectj.AbstractAspectJAdvice.invokeAdviceMethod(AbstractAspectJAdvice.java:610)
		at org.springframework.aop.aspectj.AspectJAroundAdvice.invoke(AspectJAroundAdvice.java:68)
		at org.springframework.aop.framework.ReflectiveMethodInvocation.proceed(ReflectiveMethodInvocation.java:179)
		at org.springframework.aop.aspectj.AspectJAfterAdvice.invoke(AspectJAfterAdvice.java:43)
		at org.springframework.aop.framework.ReflectiveMethodInvocation.proceed(ReflectiveMethodInvocation.java:179)
		at org.springframework.aop.interceptor.ExposeInvocationInterceptor.invoke(ExposeInvocationInterceptor.java:92)
		at org.springframework.aop.framework.ReflectiveMethodInvocation.proceed(ReflectiveMethodInvocation.java:179)
		at org.springframework.aop.framework.JdkDynamicAopProxy.invoke(JdkDynamicAopProxy.java:207)
		at com.sun.proxy.$Proxy36.listGoods(Unknown Source)
		at com.bookshop01.main.MainController.main(MainController.java:36)
		at java.base/jdk.internal.reflect.NativeMethodAccessorImpl.invoke0(Native Method)
		at java.base/jdk.internal.reflect.NativeMethodAccessorImpl.invoke(NativeMethodAccessorImpl.java:62)
		at java.base/jdk.internal.reflect.DelegatingMethodAccessorImpl.invoke(DelegatingMethodAccessorImpl.java:43)
		at java.base/java.lang.reflect.Method.invoke(Method.java:566)
		at org.springframework.web.method.support.InvocableHandlerMethod.invoke(InvocableHandlerMethod.java:215)
		at org.springframework.web.method.support.InvocableHandlerMethod.invokeForRequest(InvocableHandlerMethod.java:132)
		at org.springframework.web.servlet.mvc.method.annotation.ServletInvocableHandlerMethod.invokeAndHandle(ServletInvocableHandlerMethod.java:104)
		at org.springframework.web.servlet.mvc.method.annotation.RequestMappingHandlerAdapter.invokeHandleMethod(RequestMappingHandlerAdapter.java:781)
		at org.springframework.web.servlet.mvc.method.annotation.RequestMappingHandlerAdapter.handleInternal(RequestMappingHandlerAdapter.java:721)
		at org.springframework.web.servlet.mvc.method.AbstractHandlerMethodAdapter.handle(AbstractHandlerMethodAdapter.java:83)
		at org.springframework.web.servlet.DispatcherServlet.doDispatch(DispatcherServlet.java:943)
		at org.springframework.web.servlet.DispatcherServlet.doService(DispatcherServlet.java:877)
		at org.springframework.web.servlet.FrameworkServlet.processRequest(FrameworkServlet.java:966)
		at org.springframework.web.servlet.FrameworkServlet.doGet(FrameworkServlet.java:857)
		at javax.servlet.http.HttpServlet.service(HttpServlet.java:529)
		at org.springframework.web.servlet.FrameworkServlet.service(FrameworkServlet.java:842)
		at javax.servlet.http.HttpServlet.service(HttpServlet.java:623)
		at org.apache.catalina.core.ApplicationFilterChain.internalDoFilter(ApplicationFilterChain.java:199)
		at org.apache.catalina.core.ApplicationFilterChain.doFilter(ApplicationFilterChain.java:144)
		at org.apache.tomcat.websocket.server.WsFilter.doFilter(WsFilter.java:51)
		at org.apache.catalina.core.ApplicationFilterChain.internalDoFilter(ApplicationFilterChain.java:168)
		at org.apache.catalina.core.ApplicationFilterChain.doFilter(ApplicationFilterChain.java:144)
		at org.springframework.web.filter.CharacterEncodingFilter.doFilterInternal(CharacterEncodingFilter.java:88)
		at org.springframework.web.filter.OncePerRequestFilter.doFilter(OncePerRequestFilter.java:107)
		at org.apache.catalina.core.ApplicationFilterChain.internalDoFilter(ApplicationFilterChain.java:168)
		at org.apache.catalina.core.ApplicationFilterChain.doFilter(ApplicationFilterChain.java:144)
		at org.apache.catalina.core.StandardWrapperValve.invoke(StandardWrapperValve.java:168)
		at org.apache.catalina.core.StandardContextValve.invoke(StandardContextValve.java:90)
		at org.apache.catalina.authenticator.AuthenticatorBase.invoke(AuthenticatorBase.java:482)
		at org.apache.catalina.core.StandardHostValve.invoke(StandardHostValve.java:130)
		at org.apache.catalina.valves.ErrorReportValve.invoke(ErrorReportValve.java:93)
		at org.apache.catalina.valves.AbstractAccessLogValve.invoke(AbstractAccessLogValve.java:660)
		at org.apache.catalina.core.StandardEngineValve.invoke(StandardEngineValve.java:74)
		at org.apache.catalina.connector.CoyoteAdapter.service(CoyoteAdapter.java:346)
		at org.apache.coyote.http11.Http11Processor.service(Http11Processor.java:383)
		at org.apache.coyote.AbstractProcessorLight.process(AbstractProcessorLight.java:63)
		at org.apache.coyote.AbstractProtocol$ConnectionHandler.process(AbstractProtocol.java:937)
		at org.apache.tomcat.util.net.NioEndpoint$SocketProcessor.doRun(NioEndpoint.java:1791)
		at org.apache.tomcat.util.net.SocketProcessorBase.run(SocketProcessorBase.java:52)
		at org.apache.tomcat.util.threads.ThreadPoolExecutor.runWorker(ThreadPoolExecutor.java:1190)
		at org.apache.tomcat.util.threads.ThreadPoolExecutor$Worker.run(ThreadPoolExecutor.java:659)
		at org.apache.tomcat.util.threads.TaskThread$WrappingRunnable.run(TaskThread.java:63)
		at java.base/java.lang.Thread.run(Thread.java:834)
05-Nov-2024 15:46:24.323 INFO [main] org.apache.catalina.core.ApplicationContext.log No Spring WebApplicationInitializer types detected on classpath
05-Nov-2024 15:46:24.414 INFO [main] org.apache.catalina.core.ApplicationContext.log Initializing Spring root WebApplicationContext
05-Nov-2024 15:46:25.618 INFO [main] org.apache.catalina.core.ApplicationContext.log Initializing Spring FrameworkServlet 'appServlet'
05-Nov-2024 15:46:27.405 INFO [main] org.apache.catalina.core.ApplicationContext.log No Spring WebApplicationInitializer types detected on classpath
05-Nov-2024 15:46:27.479 INFO [main] org.apache.catalina.core.ApplicationContext.log Initializing Spring root WebApplicationContext
05-Nov-2024 15:46:28.048 INFO [main] org.apache.catalina.core.ApplicationContext.log Initializing Spring FrameworkServlet 'appServlet'
05-Nov-2024 15:46:29.068 INFO [main] org.apache.catalina.core.ApplicationContext.log ContextListener: contextInitialized()
05-Nov-2024 15:46:29.068 INFO [main] org.apache.catalina.core.ApplicationContext.log SessionListener: contextInitialized()
05-Nov-2024 15:46:29.069 INFO [main] org.apache.catalina.core.ApplicationContext.log ContextListener: attributeAdded('StockTicker', 'async.Stockticker@1f600254')
05-Nov-2024 15:46:29.783 INFO [main] org.apache.catalina.core.ApplicationContext.log No Spring WebApplicationInitializer types detected on classpath
05-Nov-2024 15:46:29.853 INFO [main] org.apache.catalina.core.ApplicationContext.log Initializing Spring root WebApplicationContext
05-Nov-2024 15:46:30.445 INFO [main] org.apache.catalina.core.ApplicationContext.log Initializing Spring FrameworkServlet 'appServlet'
05-Nov-2024 15:50:40.525 INFO [main] org.apache.catalina.core.ApplicationContext.log No Spring WebApplicationInitializer types detected on classpath
05-Nov-2024 15:50:40.626 INFO [main] org.apache.catalina.core.ApplicationContext.log Initializing Spring root WebApplicationContext
05-Nov-2024 15:50:41.889 INFO [main] org.apache.catalina.core.ApplicationContext.log Initializing Spring FrameworkServlet 'appServlet'
05-Nov-2024 15:50:43.749 INFO [main] org.apache.catalina.core.ApplicationContext.log No Spring WebApplicationInitializer types detected on classpath
05-Nov-2024 15:50:43.818 INFO [main] org.apache.catalina.core.ApplicationContext.log Initializing Spring root WebApplicationContext
05-Nov-2024 15:50:44.433 INFO [main] org.apache.catalina.core.ApplicationContext.log Initializing Spring FrameworkServlet 'appServlet'
05-Nov-2024 15:50:45.477 INFO [main] org.apache.catalina.core.ApplicationContext.log ContextListener: contextInitialized()
05-Nov-2024 15:50:45.477 INFO [main] org.apache.catalina.core.ApplicationContext.log SessionListener: contextInitialized()
05-Nov-2024 15:50:45.478 INFO [main] org.apache.catalina.core.ApplicationContext.log ContextListener: attributeAdded('StockTicker', 'async.Stockticker@525aae0c')
05-Nov-2024 15:50:46.251 INFO [main] org.apache.catalina.core.ApplicationContext.log No Spring WebApplicationInitializer types detected on classpath
05-Nov-2024 15:50:46.309 INFO [main] org.apache.catalina.core.ApplicationContext.log Initializing Spring root WebApplicationContext
05-Nov-2024 15:50:46.887 INFO [main] org.apache.catalina.core.ApplicationContext.log Initializing Spring FrameworkServlet 'appServlet'
05-Nov-2024 15:52:49.456 INFO [Thread-1] org.apache.catalina.core.ApplicationContext.log Destroying Spring FrameworkServlet 'appServlet'
05-Nov-2024 15:52:49.467 INFO [Thread-1] org.apache.catalina.core.ApplicationContext.log Closing Spring root WebApplicationContext
05-Nov-2024 15:52:49.485 INFO [Thread-1] org.apache.catalina.core.ApplicationContext.log SessionListener: contextDestroyed()
05-Nov-2024 15:52:49.485 INFO [Thread-1] org.apache.catalina.core.ApplicationContext.log ContextListener: contextDestroyed()
05-Nov-2024 15:52:49.491 INFO [Thread-1] org.apache.catalina.core.ApplicationContext.log Destroying Spring FrameworkServlet 'appServlet'
05-Nov-2024 15:52:49.494 INFO [Thread-1] org.apache.catalina.core.ApplicationContext.log Closing Spring root WebApplicationContext
05-Nov-2024 15:52:49.504 INFO [Thread-1] org.apache.catalina.core.ApplicationContext.log Destroying Spring FrameworkServlet 'appServlet'
05-Nov-2024 15:52:49.507 INFO [Thread-1] org.apache.catalina.core.ApplicationContext.log Closing Spring root WebApplicationContext
05-Nov-2024 15:52:53.566 INFO [main] org.apache.catalina.core.ApplicationContext.log No Spring WebApplicationInitializer types detected on classpath
05-Nov-2024 15:52:53.645 INFO [main] org.apache.catalina.core.ApplicationContext.log Initializing Spring root WebApplicationContext
05-Nov-2024 15:52:54.912 INFO [main] org.apache.catalina.core.ApplicationContext.log Initializing Spring FrameworkServlet 'appServlet'
05-Nov-2024 15:52:56.684 INFO [main] org.apache.catalina.core.ApplicationContext.log No Spring WebApplicationInitializer types detected on classpath
05-Nov-2024 15:52:56.748 INFO [main] org.apache.catalina.core.ApplicationContext.log Initializing Spring root WebApplicationContext
05-Nov-2024 15:52:57.361 INFO [main] org.apache.catalina.core.ApplicationContext.log Initializing Spring FrameworkServlet 'appServlet'
05-Nov-2024 15:52:58.439 INFO [main] org.apache.catalina.core.ApplicationContext.log ContextListener: contextInitialized()
05-Nov-2024 15:52:58.439 INFO [main] org.apache.catalina.core.ApplicationContext.log SessionListener: contextInitialized()
05-Nov-2024 15:52:58.440 INFO [main] org.apache.catalina.core.ApplicationContext.log ContextListener: attributeAdded('StockTicker', 'async.Stockticker@543e79cb')
05-Nov-2024 15:52:59.275 INFO [main] org.apache.catalina.core.ApplicationContext.log No Spring WebApplicationInitializer types detected on classpath
05-Nov-2024 15:52:59.359 INFO [main] org.apache.catalina.core.ApplicationContext.log Initializing Spring root WebApplicationContext
05-Nov-2024 15:53:00.046 INFO [main] org.apache.catalina.core.ApplicationContext.log Initializing Spring FrameworkServlet 'appServlet'
05-Nov-2024 16:11:49.214 INFO [main] org.apache.catalina.core.ApplicationContext.log No Spring WebApplicationInitializer types detected on classpath
05-Nov-2024 16:11:49.311 INFO [main] org.apache.catalina.core.ApplicationContext.log Initializing Spring root WebApplicationContext
05-Nov-2024 16:11:50.541 INFO [main] org.apache.catalina.core.ApplicationContext.log Initializing Spring FrameworkServlet 'appServlet'
05-Nov-2024 16:11:52.539 INFO [main] org.apache.catalina.core.ApplicationContext.log No Spring WebApplicationInitializer types detected on classpath
05-Nov-2024 16:11:52.617 INFO [main] org.apache.catalina.core.ApplicationContext.log Initializing Spring root WebApplicationContext
05-Nov-2024 16:11:53.248 INFO [main] org.apache.catalina.core.ApplicationContext.log Initializing Spring FrameworkServlet 'appServlet'
05-Nov-2024 16:11:54.260 INFO [main] org.apache.catalina.core.ApplicationContext.log ContextListener: contextInitialized()
05-Nov-2024 16:11:54.260 INFO [main] org.apache.catalina.core.ApplicationContext.log SessionListener: contextInitialized()
05-Nov-2024 16:11:54.261 INFO [main] org.apache.catalina.core.ApplicationContext.log ContextListener: attributeAdded('StockTicker', 'async.Stockticker@525aae0c')
05-Nov-2024 16:11:55.081 INFO [main] org.apache.catalina.core.ApplicationContext.log No Spring WebApplicationInitializer types detected on classpath
05-Nov-2024 16:11:55.144 INFO [main] org.apache.catalina.core.ApplicationContext.log Initializing Spring root WebApplicationContext
05-Nov-2024 16:11:55.854 INFO [main] org.apache.catalina.core.ApplicationContext.log Initializing Spring FrameworkServlet 'appServlet'
