04-Nov-2024 15:43:12.612 INFO [main] org.apache.catalina.core.ApplicationContext.log No Spring WebApplicationInitializer types detected on classpath
04-Nov-2024 15:43:12.690 INFO [main] org.apache.catalina.core.ApplicationContext.log Initializing Spring root WebApplicationContext
04-Nov-2024 15:43:13.476 INFO [main] org.apache.catalina.core.ApplicationContext.log Initializing Spring FrameworkServlet 'appServlet'
04-Nov-2024 15:43:14.497 INFO [main] org.apache.catalina.core.ApplicationContext.log ContextListener: contextInitialized()
04-Nov-2024 15:43:14.497 INFO [main] org.apache.catalina.core.ApplicationContext.log SessionListener: contextInitialized()
04-Nov-2024 15:43:14.497 INFO [main] org.apache.catalina.core.ApplicationContext.log ContextListener: attributeAdded('StockTicker', 'async.Stockticker@268f126f')
04-Nov-2024 15:43:14.560 INFO [main] org.apache.catalina.core.ApplicationContext.log SessionListener: contextDestroyed()
04-Nov-2024 15:43:14.560 INFO [main] org.apache.catalina.core.ApplicationContext.log ContextListener: contextDestroyed()
04-Nov-2024 15:43:14.560 INFO [main] org.apache.catalina.core.ApplicationContext.log Destroying Spring FrameworkServlet 'appServlet'
04-Nov-2024 15:43:14.560 INFO [main] org.apache.catalina.core.ApplicationContext.log Closing Spring root WebApplicationContext
04-Nov-2024 15:44:06.820 INFO [main] org.apache.catalina.core.ApplicationContext.log No Spring WebApplicationInitializer types detected on classpath
04-Nov-2024 15:44:06.912 INFO [main] org.apache.catalina.core.ApplicationContext.log Initializing Spring root WebApplicationContext
04-Nov-2024 15:44:07.683 INFO [main] org.apache.catalina.core.ApplicationContext.log Initializing Spring FrameworkServlet 'appServlet'
04-Nov-2024 15:44:08.792 INFO [main] org.apache.catalina.core.ApplicationContext.log ContextListener: contextInitialized()
04-Nov-2024 15:44:08.792 INFO [main] org.apache.catalina.core.ApplicationContext.log SessionListener: contextInitialized()
04-Nov-2024 15:44:08.792 INFO [main] org.apache.catalina.core.ApplicationContext.log ContextListener: attributeAdded('StockTicker', 'async.Stockticker@4509414e')
04-Nov-2024 15:44:41.608 INFO [Thread-1] org.apache.catalina.core.ApplicationContext.log SessionListener: contextDestroyed()
04-Nov-2024 15:44:41.608 INFO [Thread-1] org.apache.catalina.core.ApplicationContext.log ContextListener: contextDestroyed()
04-Nov-2024 15:44:41.608 INFO [Thread-1] org.apache.catalina.core.ApplicationContext.log Destroying Spring FrameworkServlet 'appServlet'
04-Nov-2024 15:44:41.608 INFO [Thread-1] org.apache.catalina.core.ApplicationContext.log Closing Spring root WebApplicationContext
04-Nov-2024 15:47:20.462 INFO [main] org.apache.catalina.core.ApplicationContext.log No Spring WebApplicationInitializer types detected on classpath
04-Nov-2024 15:47:20.556 INFO [main] org.apache.catalina.core.ApplicationContext.log Initializing Spring root WebApplicationContext
04-Nov-2024 15:47:21.328 INFO [main] org.apache.catalina.core.ApplicationContext.log Initializing Spring FrameworkServlet 'appServlet'
04-Nov-2024 15:47:22.882 INFO [main] org.apache.catalina.core.ApplicationContext.log No Spring WebApplicationInitializer types detected on classpath
04-Nov-2024 15:47:22.949 INFO [main] org.apache.catalina.core.ApplicationContext.log Initializing Spring root WebApplicationContext
04-Nov-2024 15:47:23.495 INFO [main] org.apache.catalina.core.ApplicationContext.log Initializing Spring FrameworkServlet 'appServlet'
04-Nov-2024 15:47:24.361 INFO [main] org.apache.catalina.core.ApplicationContext.log ContextListener: contextInitialized()
04-Nov-2024 15:47:24.361 INFO [main] org.apache.catalina.core.ApplicationContext.log SessionListener: contextInitialized()
04-Nov-2024 15:47:24.361 INFO [main] org.apache.catalina.core.ApplicationContext.log ContextListener: attributeAdded('StockTicker', 'async.Stockticker@5d5f010a')
